<?xml version="1.0" encoding="UTF-8" ?>
<testsuite errors="0" failures="0" hostname="saiho" name="simpledb.BTreePageIdTest" skipped="0" tests="4" time="0.083" timestamp="2024-05-05T11:47:18">
  <properties>
[...]
</properties>
  <testcase classname="simpledb.BTreePageIdTest" name="equals" time="0.005" />
  <testcase classname="simpledb.BTreePageIdTest" name="pageno" time="0.0" />
  <testcase classname="simpledb.BTreePageIdTest" name="getTableId" time="0.0" />
  <testcase classname="simpledb.BTreePageIdTest" name="testHashCode" time="0.0" />
  <system-out><![CDATA[]]></system-out>
  <system-err><![CDATA[]]></system-err>
</testsuite>
