Testsuite: simpledb.IntHistogramTest
Tests run: 8, Failures: 8, Errors: 0, Skipped: 0, Time elapsed: 0.098 sec

Testcase: orderOfGrowthTest took 0.011 sec
	FAILED
null
junit.framework.AssertionFailedError
	at simpledb.IntHistogramTest.orderOfGrowthTest(IntHistogramTest.java:38)

Testcase: opNotEqualsTest took 0.001 sec
	FAILED
null
junit.framework.AssertionFailedError
	at simpledb.IntHistogramTest.opNotEqualsTest(IntHistogramTest.java:176)

Testcase: opLessThanTest took 0 sec
	FAILED
null
junit.framework.AssertionFailedError
	at simpledb.IntHistogramTest.opLessThanTest(IntHistogramTest.java:117)

Testcase: negativeRangeTest took 0 sec
	FAILED
null
junit.framework.AssertionFailedError
	at simpledb.IntHistogramTest.negativeRangeTest(IntHistogramTest.java:61)

Testcase: opEqualsTest took 0.001 sec
	FAILED
null
junit.framework.AssertionFailedError
	at simpledb.IntHistogramTest.opEqualsTest(IntHistogramTest.java:77)

Testcase: opLessThanOrEqualsTest took 0 sec
	FAILED
null
junit.framework.AssertionFailedError
	at simpledb.IntHistogramTest.opLessThanOrEqualsTest(IntHistogramTest.java:158)

Testcase: opGreaterThanOrEqualsTest took 0 sec
	FAILED
null
junit.framework.AssertionFailedError
	at simpledb.IntHistogramTest.opGreaterThanOrEqualsTest(IntHistogramTest.java:135)

Testcase: opGreaterThanTest took 0 sec
	FAILED
null
junit.framework.AssertionFailedError
	at simpledb.IntHistogramTest.opGreaterThanTest(IntHistogramTest.java:95)

