<?xml version="1.0" encoding="UTF-8" ?>
<testsuites>
  <testsuite errors="7" failures="1" hostname="saiho" id="0" name="AggregateTest" package="simpledb" skipped="0" tests="8" time="0.093" timestamp="2024-05-05T11:47:13">
      <properties>
[...]
</properties>

      <testcase classname="simpledb.AggregateTest" name="getTupleDesc" time="0.013">
          <error message="expected:&lt;(INT_TYPE),(INT_TYPE)&gt; but was:&lt;null&gt;" type="java.lang.AssertionError">java.lang.AssertionError: expected:&lt;(INT_TYPE),(INT_TYPE)&gt; but was:&lt;null&gt;
	at simpledb.AggregateTest.getTupleDesc(AggregateTest.java:100)
</error>

      </testcase>

      <testcase classname="simpledb.AggregateTest" name="maxAggregate" time="0.001">
          <error message="Operator not yet open" type="java.lang.IllegalStateException">java.lang.IllegalStateException: Operator not yet open
	at simpledb.execution.Operator.hasNext(Operator.java:21)
	at simpledb.TestUtil.matchAllTuples(TestUtil.java:140)
	at simpledb.AggregateTest.maxAggregate(AggregateTest.java:180)
</error>

      </testcase>

      <testcase classname="simpledb.AggregateTest" name="rewind" time="0.001">
          <error message="Operator not yet open" type="java.lang.IllegalStateException">java.lang.IllegalStateException: Operator not yet open
	at simpledb.execution.Operator.hasNext(Operator.java:21)
	at simpledb.AggregateTest.rewind(AggregateTest.java:118)
</error>

      </testcase>

      <testcase classname="simpledb.AggregateTest" name="minAggregate" time="0.001">
          <error message="Operator not yet open" type="java.lang.IllegalStateException">java.lang.IllegalStateException: Operator not yet open
	at simpledb.execution.Operator.hasNext(Operator.java:21)
	at simpledb.TestUtil.matchAllTuples(TestUtil.java:140)
	at simpledb.AggregateTest.minAggregate(AggregateTest.java:191)
</error>

      </testcase>

      <testcase classname="simpledb.AggregateTest" name="sumStringGroupBy" time="0.001">
          <error message="Operator not yet open" type="java.lang.IllegalStateException">java.lang.IllegalStateException: Operator not yet open
	at simpledb.execution.Operator.hasNext(Operator.java:21)
	at simpledb.TestUtil.matchAllTuples(TestUtil.java:140)
	at simpledb.AggregateTest.sumStringGroupBy(AggregateTest.java:147)
</error>

      </testcase>

      <testcase classname="simpledb.AggregateTest" name="sumAggregate" time="0.001">
          <error message="Operator not yet open" type="java.lang.IllegalStateException">java.lang.IllegalStateException: Operator not yet open
	at simpledb.execution.Operator.hasNext(Operator.java:21)
	at simpledb.TestUtil.matchAllTuples(TestUtil.java:140)
	at simpledb.AggregateTest.sumAggregate(AggregateTest.java:158)
</error>

      </testcase>

      <testcase classname="simpledb.AggregateTest" name="countStringAggregate" time="0.001">
          <error message="Operator not yet open" type="java.lang.IllegalStateException">java.lang.IllegalStateException: Operator not yet open
	at simpledb.execution.Operator.hasNext(Operator.java:21)
	at simpledb.TestUtil.matchAllTuples(TestUtil.java:140)
	at simpledb.AggregateTest.countStringAggregate(AggregateTest.java:136)
</error>

      </testcase>

      <testcase classname="simpledb.AggregateTest" name="avgAggregate" time="0.001">
          <error message="Operator not yet open" type="java.lang.IllegalStateException">java.lang.IllegalStateException: Operator not yet open
	at simpledb.execution.Operator.hasNext(Operator.java:21)
	at simpledb.TestUtil.matchAllTuples(TestUtil.java:140)
	at simpledb.AggregateTest.avgAggregate(AggregateTest.java:169)
</error>

      </testcase>

      <system-out><![CDATA[]]></system-out>

      <system-err><![CDATA[]]></system-err>

  </testsuite>
  <testsuite errors="1" failures="0" hostname="saiho" id="1" name="BTreeDeadlockTest" package="simpledb" skipped="0" tests="1" time="0.515" timestamp="2024-05-05T11:47:13">
      <properties>
[...]
</properties>

      <testcase classname="simpledb.BTreeDeadlockTest" name="testReadWriteDeadlock" time="0.445">
          <error message="implement this" type="java.lang.UnsupportedOperationException">java.lang.UnsupportedOperationException: implement this
	at simpledb.storage.HeapFile.getId(HeapFile.java:57)
	at simpledb.index.BTreeFileEncoder.convert(BTreeFileEncoder.java:211)
	at simpledb.index.BTreeFileEncoder.convert(BTreeFileEncoder.java:181)
	at simpledb.index.BTreeUtility.createRandomBTreeFile(BTreeUtility.java:160)
	at simpledb.index.BTreeUtility.createRandomBTreeFile(BTreeUtility.java:122)
	at simpledb.BTreeDeadlockTest.setUp(BTreeDeadlockTest.java:42)
</error>

      </testcase>

      <system-out><![CDATA[]]></system-out>

      <system-err><![CDATA[]]></system-err>

  </testsuite>
  <testsuite errors="3" failures="4" hostname="saiho" id="2" name="BTreeFileDeleteTest" package="simpledb" skipped="0" tests="7" time="0.336" timestamp="2024-05-05T11:47:14">
      <properties>
[...]
</properties>

      <testcase classname="simpledb.BTreeFileDeleteTest" name="deleteTuple" time="0.214">
          <error message="implement this" type="java.lang.UnsupportedOperationException">java.lang.UnsupportedOperationException: implement this
	at simpledb.storage.HeapFile.getId(HeapFile.java:57)
	at simpledb.index.BTreeFileEncoder.convert(BTreeFileEncoder.java:211)
	at simpledb.index.BTreeFileEncoder.convert(BTreeFileEncoder.java:181)
	at simpledb.index.BTreeUtility.createRandomBTreeFile(BTreeUtility.java:160)
	at simpledb.index.BTreeUtility.createRandomBTreeFile(BTreeUtility.java:122)
	at simpledb.BTreeFileDeleteTest.deleteTuple(BTreeFileDeleteTest.java:41)
</error>

      </testcase>

      <testcase classname="simpledb.BTreeFileDeleteTest" name="testStealFromLeftInternalPage" time="0.012">
          <error type="java.lang.AssertionError">java.lang.AssertionError
	at simpledb.BTreeFileDeleteTest.testStealFromLeftInternalPage(BTreeFileDeleteTest.java:228)
</error>

      </testcase>

      <testcase classname="simpledb.BTreeFileDeleteTest" name="testStealFromRightLeafPage" time="0.008">
          <error type="java.lang.AssertionError">java.lang.AssertionError
	at simpledb.BTreeFileDeleteTest.testStealFromRightLeafPage(BTreeFileDeleteTest.java:131)
</error>

      </testcase>

      <testcase classname="simpledb.BTreeFileDeleteTest" name="testStealFromRightInternalPage" time="0.006">
          <error type="java.lang.AssertionError">java.lang.AssertionError
	at simpledb.BTreeFileDeleteTest.testStealFromRightInternalPage(BTreeFileDeleteTest.java:294)
</error>

      </testcase>

      <testcase classname="simpledb.BTreeFileDeleteTest" name="testStealFromLeftLeafPage" time="0.007">
          <error type="java.lang.AssertionError">java.lang.AssertionError
	at simpledb.BTreeFileDeleteTest.testStealFromLeftLeafPage(BTreeFileDeleteTest.java:92)
</error>

      </testcase>

      <testcase classname="simpledb.BTreeFileDeleteTest" name="testMergeLeafPages" time="0.004">
          <error type="java.lang.NullPointerException">java.lang.NullPointerException
	at simpledb.index.BTreeInternalPage.updateEntry(BTreeInternalPage.java:412)
	at simpledb.BTreeFileDeleteTest.testMergeLeafPages(BTreeFileDeleteTest.java:163)
</error>

      </testcase>

      <testcase classname="simpledb.BTreeFileDeleteTest" name="testMergeInternalPages" time="0.007">
          <error type="java.lang.NullPointerException">java.lang.NullPointerException
	at simpledb.index.BTreeInternalPage.updateEntry(BTreeInternalPage.java:412)
	at simpledb.BTreeFileDeleteTest.testMergeInternalPages(BTreeFileDeleteTest.java:345)
</error>

      </testcase>

      <system-out><![CDATA[]]></system-out>

      <system-err><![CDATA[]]></system-err>

  </testsuite>
  <testsuite errors="2" failures="1" hostname="saiho" id="3" name="BTreeFileInsertTest" package="simpledb" skipped="0" tests="3" time="0.312" timestamp="2024-05-05T11:47:14">
      <properties>
[...]
</properties>

      <testcase classname="simpledb.BTreeFileInsertTest" name="testReusePage" time="0.223">
          <error type="java.lang.NullPointerException">java.lang.NullPointerException
	at simpledb.index.BTreeFile.setEmptyPage(BTreeFile.java:983)
	at simpledb.BTreeFileInsertTest.testReusePage(BTreeFileInsertTest.java:150)
</error>

      </testcase>

      <testcase classname="simpledb.BTreeFileInsertTest" name="testSplitInternalPages" time="0.009">
          <error message="expected:&lt;1&gt; but was:&lt;0&gt;" type="java.lang.AssertionError">java.lang.AssertionError: expected:&lt;1&gt; but was:&lt;0&gt;
	at simpledb.BTreeFileInsertTest.testSplitInternalPages(BTreeFileInsertTest.java:118)
</error>

      </testcase>

      <testcase classname="simpledb.BTreeFileInsertTest" name="testSplitLeafPages" time="0.006">
          <error type="java.lang.NullPointerException">java.lang.NullPointerException
	at simpledb.BTreeFileInsertTest.testSplitLeafPages(BTreeFileInsertTest.java:67)
</error>

      </testcase>

      <system-out><![CDATA[]]></system-out>

      <system-err><![CDATA[]]></system-err>

  </testsuite>
  <testsuite errors="7" failures="0" hostname="saiho" id="4" name="BTreeFileReadTest" package="simpledb" skipped="0" tests="7" time="0.309" timestamp="2024-05-05T11:47:15">
      <properties>
[...]
</properties>

      <testcase classname="simpledb.BTreeFileReadTest" name="getTupleDesc" time="0.217">
          <error message="implement this" type="java.lang.UnsupportedOperationException">java.lang.UnsupportedOperationException: implement this
	at simpledb.storage.HeapFile.getId(HeapFile.java:57)
	at simpledb.index.BTreeFileEncoder.convert(BTreeFileEncoder.java:211)
	at simpledb.index.BTreeFileEncoder.convert(BTreeFileEncoder.java:181)
	at simpledb.index.BTreeUtility.createRandomBTreeFile(BTreeUtility.java:160)
	at simpledb.index.BTreeUtility.createRandomBTreeFile(BTreeUtility.java:122)
	at simpledb.BTreeFileReadTest.setUp(BTreeFileReadTest.java:31)
</error>

      </testcase>

      <testcase classname="simpledb.BTreeFileReadTest" name="numPages" time="0.002">
          <error message="implement this" type="java.lang.UnsupportedOperationException">java.lang.UnsupportedOperationException: implement this
	at simpledb.storage.HeapFile.getId(HeapFile.java:57)
	at simpledb.index.BTreeFileEncoder.convert(BTreeFileEncoder.java:211)
	at simpledb.index.BTreeFileEncoder.convert(BTreeFileEncoder.java:181)
	at simpledb.index.BTreeUtility.createRandomBTreeFile(BTreeUtility.java:160)
	at simpledb.index.BTreeUtility.createRandomBTreeFile(BTreeUtility.java:122)
	at simpledb.BTreeFileReadTest.setUp(BTreeFileReadTest.java:31)
</error>

      </testcase>

      <testcase classname="simpledb.BTreeFileReadTest" name="readPage" time="0.003">
          <error message="implement this" type="java.lang.UnsupportedOperationException">java.lang.UnsupportedOperationException: implement this
	at simpledb.storage.HeapFile.getId(HeapFile.java:57)
	at simpledb.index.BTreeFileEncoder.convert(BTreeFileEncoder.java:211)
	at simpledb.index.BTreeFileEncoder.convert(BTreeFileEncoder.java:181)
	at simpledb.index.BTreeUtility.createRandomBTreeFile(BTreeUtility.java:160)
	at simpledb.index.BTreeUtility.createRandomBTreeFile(BTreeUtility.java:122)
	at simpledb.BTreeFileReadTest.setUp(BTreeFileReadTest.java:31)
</error>

      </testcase>

      <testcase classname="simpledb.BTreeFileReadTest" name="getId" time="0.002">
          <error message="implement this" type="java.lang.UnsupportedOperationException">java.lang.UnsupportedOperationException: implement this
	at simpledb.storage.HeapFile.getId(HeapFile.java:57)
	at simpledb.index.BTreeFileEncoder.convert(BTreeFileEncoder.java:211)
	at simpledb.index.BTreeFileEncoder.convert(BTreeFileEncoder.java:181)
	at simpledb.index.BTreeUtility.createRandomBTreeFile(BTreeUtility.java:160)
	at simpledb.index.BTreeUtility.createRandomBTreeFile(BTreeUtility.java:122)
	at simpledb.BTreeFileReadTest.setUp(BTreeFileReadTest.java:31)
</error>

      </testcase>

      <testcase classname="simpledb.BTreeFileReadTest" name="testIteratorBasic" time="0.002">
          <error message="implement this" type="java.lang.UnsupportedOperationException">java.lang.UnsupportedOperationException: implement this
	at simpledb.storage.HeapFile.getId(HeapFile.java:57)
	at simpledb.index.BTreeFileEncoder.convert(BTreeFileEncoder.java:211)
	at simpledb.index.BTreeFileEncoder.convert(BTreeFileEncoder.java:181)
	at simpledb.index.BTreeUtility.createRandomBTreeFile(BTreeUtility.java:160)
	at simpledb.index.BTreeUtility.createRandomBTreeFile(BTreeUtility.java:122)
	at simpledb.BTreeFileReadTest.setUp(BTreeFileReadTest.java:31)
</error>

      </testcase>

      <testcase classname="simpledb.BTreeFileReadTest" name="testIteratorClose" time="0.003">
          <error message="implement this" type="java.lang.UnsupportedOperationException">java.lang.UnsupportedOperationException: implement this
	at simpledb.storage.HeapFile.getId(HeapFile.java:57)
	at simpledb.index.BTreeFileEncoder.convert(BTreeFileEncoder.java:211)
	at simpledb.index.BTreeFileEncoder.convert(BTreeFileEncoder.java:181)
	at simpledb.index.BTreeUtility.createRandomBTreeFile(BTreeUtility.java:160)
	at simpledb.index.BTreeUtility.createRandomBTreeFile(BTreeUtility.java:122)
	at simpledb.BTreeFileReadTest.setUp(BTreeFileReadTest.java:31)
</error>

      </testcase>

      <testcase classname="simpledb.BTreeFileReadTest" name="indexIterator" time="0.003">
          <error message="implement this" type="java.lang.UnsupportedOperationException">java.lang.UnsupportedOperationException: implement this
	at simpledb.storage.HeapFile.getId(HeapFile.java:57)
	at simpledb.index.BTreeFileEncoder.convert(BTreeFileEncoder.java:211)
	at simpledb.index.BTreeFileEncoder.convert(BTreeFileEncoder.java:181)
	at simpledb.index.BTreeUtility.createRandomBTreeFile(BTreeUtility.java:160)
	at simpledb.index.BTreeUtility.createRandomBTreeFile(BTreeUtility.java:122)
	at simpledb.BTreeFileReadTest.setUp(BTreeFileReadTest.java:31)
</error>

      </testcase>

      <system-out><![CDATA[]]></system-out>

      <system-err><![CDATA[]]></system-err>

  </testsuite>
  <testsuite errors="0" failures="0" hostname="saiho" id="5" name="BTreeHeaderPageTest" package="simpledb" skipped="0" tests="10" time="0.303" timestamp="2024-05-05T11:47:15">
      <properties>
[...]
</properties>

      <testcase classname="simpledb.BTreeHeaderPageTest" name="numSlots" time="0.212" />

      <testcase classname="simpledb.BTreeHeaderPageTest" name="getNextPageId" time="0.003" />

      <testcase classname="simpledb.BTreeHeaderPageTest" name="getEmptySlot" time="0.002" />

      <testcase classname="simpledb.BTreeHeaderPageTest" name="getPageData" time="0.002" />

      <testcase classname="simpledb.BTreeHeaderPageTest" name="testDirty" time="0.001" />

      <testcase classname="simpledb.BTreeHeaderPageTest" name="getPrevPageId" time="0.001" />

      <testcase classname="simpledb.BTreeHeaderPageTest" name="setNextPageId" time="0.001" />

      <testcase classname="simpledb.BTreeHeaderPageTest" name="setPrevPageId" time="0.001" />

      <testcase classname="simpledb.BTreeHeaderPageTest" name="getSlot" time="0.002" />

      <testcase classname="simpledb.BTreeHeaderPageTest" name="getId" time="0.001" />

      <system-out><![CDATA[]]></system-out>

      <system-err><![CDATA[]]></system-err>

  </testsuite>
  <testsuite errors="2" failures="1" hostname="saiho" id="6" name="BTreeInternalPageTest" package="simpledb" skipped="0" tests="11" time="0.304" timestamp="2024-05-05T11:47:16">
      <properties>
[...]
</properties>

      <testcase classname="simpledb.BTreeInternalPageTest" name="addEntry" time="0.217">
          <error type="java.lang.AssertionError">java.lang.AssertionError
	at simpledb.BTreeInternalPageTest.addEntry(BTreeInternalPageTest.java:267)
</error>

      </testcase>

      <testcase classname="simpledb.BTreeInternalPageTest" name="testDirty" time="0.001" />

      <testcase classname="simpledb.BTreeInternalPageTest" name="deleteEntry" time="0.001">
          <error type="java.lang.NullPointerException">java.lang.NullPointerException
	at simpledb.index.BTreeInternalPage.deleteEntry(BTreeInternalPage.java:355)
	at simpledb.index.BTreeInternalPage.deleteKeyAndRightChild(BTreeInternalPage.java:384)
	at simpledb.BTreeInternalPageTest.deleteEntry(BTreeInternalPageTest.java:309)
</error>

      </testcase>

      <testcase classname="simpledb.BTreeInternalPageTest" name="setParentId" time="0.0" />

      <testcase classname="simpledb.BTreeInternalPageTest" name="getParentId" time="0.001" />

      <testcase classname="simpledb.BTreeInternalPageTest" name="testReverseIterator" time="0.001" />

      <testcase classname="simpledb.BTreeInternalPageTest" name="getSlot" time="0.001" />

      <testcase classname="simpledb.BTreeInternalPageTest" name="getId" time="0.001" />

      <testcase classname="simpledb.BTreeInternalPageTest" name="deleteNonexistentEntry" time="0.002">
          <error message="Unexpected exception, expected&lt;simpledb.common.DbException&gt; but was&lt;java.lang.NullPointerException&gt;" type="java.lang.Exception">java.lang.Exception: Unexpected exception, expected&lt;simpledb.common.DbException&gt; but was&lt;java.lang.NullPointerException&gt;
Caused by: java.lang.NullPointerException
	at simpledb.index.BTreeInternalPage.deleteEntry(BTreeInternalPage.java:355)
	at simpledb.index.BTreeInternalPage.deleteKeyAndRightChild(BTreeInternalPage.java:384)
	at simpledb.BTreeInternalPageTest.deleteNonexistentEntry(BTreeInternalPageTest.java:289)
</error>

      </testcase>

      <testcase classname="simpledb.BTreeInternalPageTest" name="getNumEmptySlots" time="0.001" />

      <testcase classname="simpledb.BTreeInternalPageTest" name="testIterator" time="0.001" />

      <system-out><![CDATA[]]></system-out>

      <system-err><![CDATA[]]></system-err>

  </testsuite>
  <testsuite errors="2" failures="1" hostname="saiho" id="7" name="BTreeLeafPageTest" package="simpledb" skipped="0" tests="14" time="0.321" timestamp="2024-05-05T11:47:16">
      <properties>
[...]
</properties>

      <testcase classname="simpledb.BTreeLeafPageTest" name="setLeftSiblingId" time="0.212" />

      <testcase classname="simpledb.BTreeLeafPageTest" name="addTuple" time="0.009">
          <error message="expected:&lt;(tableId: -1, pgNo: -1, pgcateg: LEAF)&gt; but was:&lt;null&gt;" type="java.lang.AssertionError">java.lang.AssertionError: expected:&lt;(tableId: -1, pgNo: -1, pgcateg: LEAF)&gt; but was:&lt;null&gt;
	at simpledb.BTreeLeafPageTest.addTuple(BTreeLeafPageTest.java:293)
</error>

      </testcase>

      <testcase classname="simpledb.BTreeLeafPageTest" name="testDirty" time="0.001" />

      <testcase classname="simpledb.BTreeLeafPageTest" name="deleteTuple" time="0.003">
          <error type="java.lang.NullPointerException">java.lang.NullPointerException
	at simpledb.index.BTreeLeafPage.deleteTuple(BTreeLeafPage.java:296)
	at simpledb.BTreeLeafPageTest.deleteTuple(BTreeLeafPageTest.java:335)
</error>

      </testcase>

      <testcase classname="simpledb.BTreeLeafPageTest" name="setParentId" time="0.001" />

      <testcase classname="simpledb.BTreeLeafPageTest" name="getParentId" time="0.001" />

      <testcase classname="simpledb.BTreeLeafPageTest" name="getSlot" time="0.001" />

      <testcase classname="simpledb.BTreeLeafPageTest" name="getId" time="0.001" />

      <testcase classname="simpledb.BTreeLeafPageTest" name="setRightSiblingId" time="0.0" />

      <testcase classname="simpledb.BTreeLeafPageTest" name="getLeftSiblingId" time="0.001" />

      <testcase classname="simpledb.BTreeLeafPageTest" name="deleteNonexistentTuple" time="0.002">
          <error message="Unexpected exception, expected&lt;simpledb.common.DbException&gt; but was&lt;java.lang.NullPointerException&gt;" type="java.lang.Exception">java.lang.Exception: Unexpected exception, expected&lt;simpledb.common.DbException&gt; but was&lt;java.lang.NullPointerException&gt;
Caused by: java.lang.NullPointerException
	at simpledb.index.BTreeLeafPage.deleteTuple(BTreeLeafPage.java:296)
	at simpledb.BTreeLeafPageTest.deleteNonexistentTuple(BTreeLeafPageTest.java:315)
</error>

      </testcase>

      <testcase classname="simpledb.BTreeLeafPageTest" name="getRightSiblingId" time="0.001" />

      <testcase classname="simpledb.BTreeLeafPageTest" name="getNumEmptySlots" time="0.001" />

      <testcase classname="simpledb.BTreeLeafPageTest" name="testIterator" time="0.001" />

      <system-out><![CDATA[]]></system-out>

      <system-err><![CDATA[]]></system-err>

  </testsuite>
  <testsuite errors="2" failures="0" hostname="saiho" id="8" name="BTreeNextKeyLockingTest" package="simpledb" skipped="0" tests="2" time="0.409" timestamp="2024-05-05T11:47:17">
      <properties>
[...]
</properties>

      <testcase classname="simpledb.BTreeNextKeyLockingTest" name="nextKeyLockingTestLessThan" time="0.297">
          <error message="implement this" type="java.lang.UnsupportedOperationException">java.lang.UnsupportedOperationException: implement this
	at simpledb.storage.HeapFile.getId(HeapFile.java:57)
	at simpledb.index.BTreeFileEncoder.convert(BTreeFileEncoder.java:211)
	at simpledb.index.BTreeFileEncoder.convert(BTreeFileEncoder.java:181)
	at simpledb.index.BTreeUtility.createRandomBTreeFile(BTreeUtility.java:160)
	at simpledb.index.BTreeUtility.createRandomBTreeFile(BTreeUtility.java:122)
	at simpledb.BTreeNextKeyLockingTest.nextKeyLockingTestLessThan(BTreeNextKeyLockingTest.java:46)
</error>

      </testcase>

      <testcase classname="simpledb.BTreeNextKeyLockingTest" name="nextKeyLockingTestGreaterThan" time="0.038">
          <error message="implement this" type="java.lang.UnsupportedOperationException">java.lang.UnsupportedOperationException: implement this
	at simpledb.storage.HeapFile.getId(HeapFile.java:57)
	at simpledb.index.BTreeFileEncoder.convert(BTreeFileEncoder.java:211)
	at simpledb.index.BTreeFileEncoder.convert(BTreeFileEncoder.java:181)
	at simpledb.index.BTreeUtility.createRandomBTreeFile(BTreeUtility.java:160)
	at simpledb.index.BTreeUtility.createRandomBTreeFile(BTreeUtility.java:122)
	at simpledb.BTreeNextKeyLockingTest.nextKeyLockingTestGreaterThan(BTreeNextKeyLockingTest.java:148)
</error>

      </testcase>

      <system-out><![CDATA[]]></system-out>

      <system-err><![CDATA[]]></system-err>

  </testsuite>
  <testsuite errors="0" failures="0" hostname="saiho" id="9" name="BTreePageIdTest" package="simpledb" skipped="0" tests="4" time="0.083" timestamp="2024-05-05T11:47:18">
      <properties>
[...]
</properties>

      <testcase classname="simpledb.BTreePageIdTest" name="equals" time="0.005" />

      <testcase classname="simpledb.BTreePageIdTest" name="pageno" time="0.0" />

      <testcase classname="simpledb.BTreePageIdTest" name="getTableId" time="0.0" />

      <testcase classname="simpledb.BTreePageIdTest" name="testHashCode" time="0.0" />

      <system-out><![CDATA[]]></system-out>

      <system-err><![CDATA[]]></system-err>

  </testsuite>
  <testsuite errors="0" failures="0" hostname="saiho" id="10" name="BTreeRootPtrPageTest" package="simpledb" skipped="0" tests="6" time="0.289" timestamp="2024-05-05T11:47:18">
      <properties>
[...]
</properties>

      <testcase classname="simpledb.BTreeRootPtrPageTest" name="testDirty" time="0.213" />

      <testcase classname="simpledb.BTreeRootPtrPageTest" name="getId" time="0.001" />

      <testcase classname="simpledb.BTreeRootPtrPageTest" name="setRootId" time="0.0" />

      <testcase classname="simpledb.BTreeRootPtrPageTest" name="getRootId" time="0.0" />

      <testcase classname="simpledb.BTreeRootPtrPageTest" name="setHeaderId" time="0.001" />

      <testcase classname="simpledb.BTreeRootPtrPageTest" name="getHeaderId" time="0.0" />

      <system-out><![CDATA[]]></system-out>

      <system-err><![CDATA[]]></system-err>

  </testsuite>
  <testsuite errors="3" failures="0" hostname="saiho" id="11" name="BufferPoolWriteTest" package="simpledb" skipped="0" tests="3" time="0.314" timestamp="2024-05-05T11:47:18">
      <properties>
[...]
</properties>

      <testcase classname="simpledb.BufferPoolWriteTest" name="deleteTuple" time="0.226">
          <error message="implement this" type="java.lang.UnsupportedOperationException">java.lang.UnsupportedOperationException: implement this
	at simpledb.storage.HeapFile.getId(HeapFile.java:57)
	at simpledb.common.Utility.createEmptyHeapFile(Utility.java:114)
	at simpledb.TestUtil$CreateHeapFile.setUp(TestUtil.java:386)
	at simpledb.BufferPoolWriteTest.setUp(BufferPoolWriteTest.java:62)
</error>

      </testcase>

      <testcase classname="simpledb.BufferPoolWriteTest" name="insertTuple" time="0.002">
          <error message="implement this" type="java.lang.UnsupportedOperationException">java.lang.UnsupportedOperationException: implement this
	at simpledb.storage.HeapFile.getId(HeapFile.java:57)
	at simpledb.common.Utility.createEmptyHeapFile(Utility.java:114)
	at simpledb.TestUtil$CreateHeapFile.setUp(TestUtil.java:386)
	at simpledb.BufferPoolWriteTest.setUp(BufferPoolWriteTest.java:62)
</error>

      </testcase>

      <testcase classname="simpledb.BufferPoolWriteTest" name="handleManyDirtyPages" time="0.002">
          <error message="implement this" type="java.lang.UnsupportedOperationException">java.lang.UnsupportedOperationException: implement this
	at simpledb.storage.HeapFile.getId(HeapFile.java:57)
	at simpledb.common.Utility.createEmptyHeapFile(Utility.java:114)
	at simpledb.TestUtil$CreateHeapFile.setUp(TestUtil.java:386)
	at simpledb.BufferPoolWriteTest.setUp(BufferPoolWriteTest.java:62)
</error>

      </testcase>

      <system-out><![CDATA[]]></system-out>

      <system-err><![CDATA[]]></system-err>

  </testsuite>
  <testsuite errors="0" failures="1" hostname="saiho" id="12" name="CatalogTest" package="simpledb" skipped="0" tests="5" time="0.098" timestamp="2024-05-05T11:47:19">
      <properties>
[...]
</properties>

      <testcase classname="simpledb.CatalogTest" name="getTupleDesc" time="0.01" />

      <testcase classname="simpledb.CatalogTest" name="getTableId" time="0.001" />

      <testcase classname="simpledb.CatalogTest" name="handleDuplicateIds" time="0.006">
          <error message="expected:&lt;[1e36552c-7b6e-4e95-9231-7c1ab468343e]&gt; but was:&lt;[361096b1-c80d-4b26-9952-b801b938b0cf]&gt;" type="org.junit.ComparisonFailure">org.junit.ComparisonFailure: expected:&lt;[1e36552c-7b6e-4e95-9231-7c1ab468343e]&gt; but was:&lt;[361096b1-c80d-4b26-9952-b801b938b0cf]&gt;
	at simpledb.CatalogTest.handleDuplicateIds(CatalogTest.java:96)
</error>

      </testcase>

      <testcase classname="simpledb.CatalogTest" name="getDatabaseFile" time="0.001" />

      <testcase classname="simpledb.CatalogTest" name="handleDuplicateNames" time="0.0" />

      <system-out><![CDATA[]]></system-out>

      <system-err><![CDATA[]]></system-err>

  </testsuite>
  <testsuite errors="3" failures="0" hostname="saiho" id="13" name="DeadlockTest" package="simpledb" skipped="0" tests="3" time="0.302" timestamp="2024-05-05T11:47:20">
      <properties>
[...]
</properties>

      <testcase classname="simpledb.DeadlockTest" name="testReadWriteDeadlock" time="0.219">
          <error message="implement this" type="java.lang.UnsupportedOperationException">java.lang.UnsupportedOperationException: implement this
	at simpledb.storage.HeapFile.getId(HeapFile.java:57)
	at simpledb.common.Utility.createEmptyHeapFile(Utility.java:114)
	at simpledb.TestUtil$CreateHeapFile.setUp(TestUtil.java:386)
	at simpledb.DeadlockTest.setUp(DeadlockTest.java:35)
</error>

      </testcase>

      <testcase classname="simpledb.DeadlockTest" name="testUpgradeWriteDeadlock" time="0.003">
          <error message="implement this" type="java.lang.UnsupportedOperationException">java.lang.UnsupportedOperationException: implement this
	at simpledb.storage.HeapFile.getId(HeapFile.java:57)
	at simpledb.common.Utility.createEmptyHeapFile(Utility.java:114)
	at simpledb.TestUtil$CreateHeapFile.setUp(TestUtil.java:386)
	at simpledb.DeadlockTest.setUp(DeadlockTest.java:35)
</error>

      </testcase>

      <testcase classname="simpledb.DeadlockTest" name="testWriteWriteDeadlock" time="0.001">
          <error message="implement this" type="java.lang.UnsupportedOperationException">java.lang.UnsupportedOperationException: implement this
	at simpledb.storage.HeapFile.getId(HeapFile.java:57)
	at simpledb.common.Utility.createEmptyHeapFile(Utility.java:114)
	at simpledb.TestUtil$CreateHeapFile.setUp(TestUtil.java:386)
	at simpledb.DeadlockTest.setUp(DeadlockTest.java:35)
</error>

      </testcase>

      <system-out><![CDATA[]]></system-out>

      <system-err><![CDATA[]]></system-err>

  </testsuite>
  <testsuite errors="5" failures="1" hostname="saiho" id="14" name="FilterTest" package="simpledb" skipped="0" tests="6" time="0.095" timestamp="2024-05-05T11:47:20">
      <properties>
[...]
</properties>

      <testcase classname="simpledb.FilterTest" name="getTupleDesc" time="0.012">
          <error message="expected:&lt;(INT_TYPE),(INT_TYPE),(INT_TYPE)&gt; but was:&lt;null&gt;" type="java.lang.AssertionError">java.lang.AssertionError: expected:&lt;(INT_TYPE),(INT_TYPE),(INT_TYPE)&gt; but was:&lt;null&gt;
	at simpledb.FilterTest.getTupleDesc(FilterTest.java:39)
</error>

      </testcase>

      <testcase classname="simpledb.FilterTest" name="filterSomeLessThan" time="0.001">
          <error message="Operator not yet open" type="java.lang.IllegalStateException">java.lang.IllegalStateException: Operator not yet open
	at simpledb.execution.Operator.hasNext(Operator.java:21)
	at simpledb.TestUtil.compareDbIterators(TestUtil.java:113)
	at simpledb.FilterTest.filterSomeLessThan(FilterTest.java:70)
</error>

      </testcase>

      <testcase classname="simpledb.FilterTest" name="rewind" time="0.0">
          <error message="Operator not yet open" type="java.lang.IllegalStateException">java.lang.IllegalStateException: Operator not yet open
	at simpledb.execution.Operator.hasNext(Operator.java:21)
	at simpledb.FilterTest.rewind(FilterTest.java:49)
</error>

      </testcase>

      <testcase classname="simpledb.FilterTest" name="filterEqual" time="0.001">
          <error type="java.util.NoSuchElementException">java.util.NoSuchElementException
	at simpledb.execution.Operator.next(Operator.java:33)
	at simpledb.FilterTest.filterEqual(FilterTest.java:97)
</error>

      </testcase>

      <testcase classname="simpledb.FilterTest" name="filterEqualNoTuples" time="0.0">
          <error message="Operator not yet open" type="java.lang.IllegalStateException">java.lang.IllegalStateException: Operator not yet open
	at simpledb.execution.Operator.hasNext(Operator.java:21)
	at simpledb.TestUtil.checkExhausted(TestUtil.java:160)
	at simpledb.FilterTest.filterEqualNoTuples(FilterTest.java:125)
</error>

      </testcase>

      <testcase classname="simpledb.FilterTest" name="filterAllLessThan" time="0.001">
          <error message="Operator not yet open" type="java.lang.IllegalStateException">java.lang.IllegalStateException: Operator not yet open
	at simpledb.execution.Operator.hasNext(Operator.java:21)
	at simpledb.TestUtil.checkExhausted(TestUtil.java:160)
	at simpledb.FilterTest.filterAllLessThan(FilterTest.java:83)
</error>

      </testcase>

      <system-out><![CDATA[]]></system-out>

      <system-err><![CDATA[]]></system-err>

  </testsuite>
  <testsuite errors="5" failures="1" hostname="saiho" id="15" name="HeapFileReadTest" package="simpledb" skipped="0" tests="6" time="0.32" timestamp="2024-05-05T11:47:20">
      <properties>
[...]
</properties>

      <testcase classname="simpledb.HeapFileReadTest" name="getTupleDesc" time="0.216">
          <error message="implement this" type="java.lang.UnsupportedOperationException">java.lang.UnsupportedOperationException: implement this
	at simpledb.storage.HeapFile.getTupleDesc(HeapFile.java:67)
	at simpledb.HeapFileReadTest.getTupleDesc(HeapFileReadTest.java:58)
</error>

      </testcase>

      <testcase classname="simpledb.HeapFileReadTest" name="numPages" time="0.002">
          <error message="expected:&lt;1&gt; but was:&lt;0&gt;" type="java.lang.AssertionError">java.lang.AssertionError: expected:&lt;1&gt; but was:&lt;0&gt;
	at simpledb.HeapFileReadTest.numPages(HeapFileReadTest.java:65)
</error>

      </testcase>

      <testcase classname="simpledb.HeapFileReadTest" name="readPage" time="0.003">
          <error message="implement this" type="java.lang.UnsupportedOperationException">java.lang.UnsupportedOperationException: implement this
	at simpledb.storage.HeapFile.getId(HeapFile.java:57)
	at simpledb.HeapFileReadTest.readPage(HeapFileReadTest.java:74)
</error>

      </testcase>

      <testcase classname="simpledb.HeapFileReadTest" name="getId" time="0.002">
          <error message="implement this" type="java.lang.UnsupportedOperationException">java.lang.UnsupportedOperationException: implement this
	at simpledb.storage.HeapFile.getId(HeapFile.java:57)
	at simpledb.HeapFileReadTest.getId(HeapFileReadTest.java:43)
</error>

      </testcase>

      <testcase classname="simpledb.HeapFileReadTest" name="testIteratorBasic" time="0.004">
          <error type="java.lang.NullPointerException">java.lang.NullPointerException
	at simpledb.HeapFileReadTest.testIteratorBasic(HeapFileReadTest.java:91)
</error>

      </testcase>

      <testcase classname="simpledb.HeapFileReadTest" name="testIteratorClose" time="0.006">
          <error type="java.lang.NullPointerException">java.lang.NullPointerException
	at simpledb.HeapFileReadTest.testIteratorClose(HeapFileReadTest.java:116)
</error>

      </testcase>

      <system-out><![CDATA[]]></system-out>

      <system-err><![CDATA[]]></system-err>

  </testsuite>
  <testsuite errors="2" failures="0" hostname="saiho" id="16" name="HeapFileWriteTest" package="simpledb" skipped="0" tests="2" time="0.316" timestamp="2024-05-05T11:47:21">
      <properties>
[...]
</properties>

      <testcase classname="simpledb.HeapFileWriteTest" name="addTuple" time="0.227">
          <error message="implement this" type="java.lang.UnsupportedOperationException">java.lang.UnsupportedOperationException: implement this
	at simpledb.storage.HeapFile.getId(HeapFile.java:57)
	at simpledb.common.Utility.createEmptyHeapFile(Utility.java:114)
	at simpledb.TestUtil$CreateHeapFile.setUp(TestUtil.java:386)
	at simpledb.HeapFileWriteTest.setUp(HeapFileWriteTest.java:24)
</error>

      </testcase>

      <testcase classname="simpledb.HeapFileWriteTest" name="testAlternateEmptyAndFullPagesThenIterate" time="0.002">
          <error message="implement this" type="java.lang.UnsupportedOperationException">java.lang.UnsupportedOperationException: implement this
	at simpledb.storage.HeapFile.getId(HeapFile.java:57)
	at simpledb.common.Utility.createEmptyHeapFile(Utility.java:114)
	at simpledb.TestUtil$CreateHeapFile.setUp(TestUtil.java:386)
	at simpledb.HeapFileWriteTest.setUp(HeapFileWriteTest.java:24)
</error>

      </testcase>

      <system-out><![CDATA[]]></system-out>

      <system-err><![CDATA[]]></system-err>

  </testsuite>
  <testsuite errors="2" failures="2" hostname="saiho" id="17" name="HeapPageIdTest" package="simpledb" skipped="0" tests="4" time="0.11" timestamp="2024-05-05T11:47:22">
      <properties>
[...]
</properties>

      <testcase classname="simpledb.HeapPageIdTest" name="equals" time="0.011">
          <error message="implement this" type="java.lang.UnsupportedOperationException">java.lang.UnsupportedOperationException: implement this
	at simpledb.storage.HeapPageId.hashCode(HeapPageId.java:40)
	at java.lang.Object.toString(Object.java:236)
	at java.lang.String.valueOf(String.java:2994)
	at simpledb.HeapPageIdTest.equals(HeapPageIdTest.java:68)
</error>

      </testcase>

      <testcase classname="simpledb.HeapPageIdTest" name="pageno" time="0.001">
          <error message="expected:&lt;1&gt; but was:&lt;0&gt;" type="java.lang.AssertionError">java.lang.AssertionError: expected:&lt;1&gt; but was:&lt;0&gt;
	at simpledb.HeapPageIdTest.pageno(HeapPageIdTest.java:32)
</error>

      </testcase>

      <testcase classname="simpledb.HeapPageIdTest" name="getTableId" time="0.001">
          <error message="expected:&lt;1&gt; but was:&lt;0&gt;" type="java.lang.AssertionError">java.lang.AssertionError: expected:&lt;1&gt; but was:&lt;0&gt;
	at simpledb.HeapPageIdTest.getTableId(HeapPageIdTest.java:25)
</error>

      </testcase>

      <testcase classname="simpledb.HeapPageIdTest" name="testHashCode" time="0.001">
          <error message="implement this" type="java.lang.UnsupportedOperationException">java.lang.UnsupportedOperationException: implement this
	at simpledb.storage.HeapPageId.hashCode(HeapPageId.java:40)
	at simpledb.HeapPageIdTest.testHashCode(HeapPageIdTest.java:44)
</error>

      </testcase>

      <system-out><![CDATA[]]></system-out>

      <system-err><![CDATA[]]></system-err>

  </testsuite>
  <testsuite errors="4" failures="0" hostname="saiho" id="18" name="HeapPageReadTest" package="simpledb" skipped="0" tests="4" time="0.083" timestamp="2024-05-05T11:47:22">
      <properties>
[...]
</properties>

      <testcase classname="simpledb.HeapPageReadTest" name="getSlot" time="0.011">
          <error message="TableID: 0&apos;s TupleDesc not found" type="java.util.NoSuchElementException">java.util.NoSuchElementException: TableID: 0&apos;s TupleDesc not found
	at simpledb.common.Catalog.getTupleDesc(Catalog.java:98)
	at simpledb.storage.HeapPage.&lt;init&gt;(HeapPage.java:49)
	at simpledb.HeapPageReadTest.getSlot(HeapPageReadTest.java:117)
</error>

      </testcase>

      <testcase classname="simpledb.HeapPageReadTest" name="getId" time="0.001">
          <error message="TableID: 0&apos;s TupleDesc not found" type="java.util.NoSuchElementException">java.util.NoSuchElementException: TableID: 0&apos;s TupleDesc not found
	at simpledb.common.Catalog.getTupleDesc(Catalog.java:98)
	at simpledb.storage.HeapPage.&lt;init&gt;(HeapPage.java:49)
	at simpledb.HeapPageReadTest.getId(HeapPageReadTest.java:82)
</error>

      </testcase>

      <testcase classname="simpledb.HeapPageReadTest" name="getNumEmptySlots" time="0.0">
          <error message="TableID: 0&apos;s TupleDesc not found" type="java.util.NoSuchElementException">java.util.NoSuchElementException: TableID: 0&apos;s TupleDesc not found
	at simpledb.common.Catalog.getTupleDesc(Catalog.java:98)
	at simpledb.storage.HeapPage.&lt;init&gt;(HeapPage.java:49)
	at simpledb.HeapPageReadTest.getNumEmptySlots(HeapPageReadTest.java:109)
</error>

      </testcase>

      <testcase classname="simpledb.HeapPageReadTest" name="testIterator" time="0.0">
          <error message="TableID: 0&apos;s TupleDesc not found" type="java.util.NoSuchElementException">java.util.NoSuchElementException: TableID: 0&apos;s TupleDesc not found
	at simpledb.common.Catalog.getTupleDesc(Catalog.java:98)
	at simpledb.storage.HeapPage.&lt;init&gt;(HeapPage.java:49)
	at simpledb.HeapPageReadTest.testIterator(HeapPageReadTest.java:90)
</error>

      </testcase>

      <system-out><![CDATA[]]></system-out>

      <system-err><![CDATA[]]></system-err>

  </testsuite>
  <testsuite errors="4" failures="0" hostname="saiho" id="19" name="HeapPageWriteTest" package="simpledb" skipped="0" tests="4" time="0.309" timestamp="2024-05-05T11:47:22">
      <properties>
[...]
</properties>

      <testcase classname="simpledb.HeapPageWriteTest" name="addTuple" time="0.227">
          <error message="TableID: 0&apos;s TupleDesc not found" type="java.util.NoSuchElementException">java.util.NoSuchElementException: TableID: 0&apos;s TupleDesc not found
	at simpledb.common.Catalog.getTupleDesc(Catalog.java:98)
	at simpledb.storage.HeapPage.&lt;init&gt;(HeapPage.java:49)
	at simpledb.HeapPageWriteTest.addTuple(HeapPageWriteTest.java:56)
</error>

      </testcase>

      <testcase classname="simpledb.HeapPageWriteTest" name="testDirty" time="0.002">
          <error message="TableID: 0&apos;s TupleDesc not found" type="java.util.NoSuchElementException">java.util.NoSuchElementException: TableID: 0&apos;s TupleDesc not found
	at simpledb.common.Catalog.getTupleDesc(Catalog.java:98)
	at simpledb.storage.HeapPage.&lt;init&gt;(HeapPage.java:49)
	at simpledb.HeapPageWriteTest.testDirty(HeapPageWriteTest.java:41)
</error>

      </testcase>

      <testcase classname="simpledb.HeapPageWriteTest" name="deleteTuple" time="0.001">
          <error message="TableID: 0&apos;s TupleDesc not found" type="java.util.NoSuchElementException">java.util.NoSuchElementException: TableID: 0&apos;s TupleDesc not found
	at simpledb.common.Catalog.getTupleDesc(Catalog.java:98)
	at simpledb.storage.HeapPage.&lt;init&gt;(HeapPage.java:49)
	at simpledb.HeapPageWriteTest.deleteTuple(HeapPageWriteTest.java:106)
</error>

      </testcase>

      <testcase classname="simpledb.HeapPageWriteTest" name="deleteNonexistentTuple" time="0.001">
          <error message="Unexpected exception, expected&lt;simpledb.common.DbException&gt; but was&lt;java.util.NoSuchElementException&gt;" type="java.lang.Exception">java.lang.Exception: Unexpected exception, expected&lt;simpledb.common.DbException&gt; but was&lt;java.util.NoSuchElementException&gt;
Caused by: java.util.NoSuchElementException: TableID: 0&apos;s TupleDesc not found
	at simpledb.common.Catalog.getTupleDesc(Catalog.java:98)
	at simpledb.storage.HeapPage.&lt;init&gt;(HeapPage.java:49)
	at simpledb.HeapPageWriteTest.deleteNonexistentTuple(HeapPageWriteTest.java:98)
</error>

      </testcase>

      <system-out><![CDATA[]]></system-out>

      <system-err><![CDATA[]]></system-err>

  </testsuite>
  <testsuite errors="2" failures="0" hostname="saiho" id="20" name="InsertTest" package="simpledb" skipped="0" tests="2" time="0.292" timestamp="2024-05-05T11:47:23">
      <properties>
[...]
</properties>

      <testcase classname="simpledb.InsertTest" name="getTupleDesc" time="0.218">
          <error message="implement this" type="java.lang.UnsupportedOperationException">java.lang.UnsupportedOperationException: implement this
	at simpledb.storage.HeapFile.getId(HeapFile.java:57)
	at simpledb.common.Utility.createEmptyHeapFile(Utility.java:114)
	at simpledb.TestUtil$CreateHeapFile.setUp(TestUtil.java:386)
	at simpledb.InsertTest.setUp(InsertTest.java:28)
</error>

      </testcase>

      <testcase classname="simpledb.InsertTest" name="getNext" time="0.002">
          <error message="implement this" type="java.lang.UnsupportedOperationException">java.lang.UnsupportedOperationException: implement this
	at simpledb.storage.HeapFile.getId(HeapFile.java:57)
	at simpledb.common.Utility.createEmptyHeapFile(Utility.java:114)
	at simpledb.TestUtil$CreateHeapFile.setUp(TestUtil.java:386)
	at simpledb.InsertTest.setUp(InsertTest.java:28)
</error>

      </testcase>

      <system-out><![CDATA[]]></system-out>

      <system-err><![CDATA[]]></system-err>

  </testsuite>
  <testsuite errors="0" failures="8" hostname="saiho" id="21" name="IntHistogramTest" package="simpledb" skipped="0" tests="8" time="0.098" timestamp="2024-05-05T11:47:23">
      <properties>
[...]
</properties>

      <testcase classname="simpledb.IntHistogramTest" name="orderOfGrowthTest" time="0.012">
          <failure type="junit.framework.AssertionFailedError">junit.framework.AssertionFailedError
	at simpledb.IntHistogramTest.orderOfGrowthTest(IntHistogramTest.java:38)
</failure>

      </testcase>

      <testcase classname="simpledb.IntHistogramTest" name="opNotEqualsTest" time="0.001">
          <failure type="junit.framework.AssertionFailedError">junit.framework.AssertionFailedError
	at simpledb.IntHistogramTest.opNotEqualsTest(IntHistogramTest.java:176)
</failure>

      </testcase>

      <testcase classname="simpledb.IntHistogramTest" name="opLessThanTest" time="0.0">
          <failure type="junit.framework.AssertionFailedError">junit.framework.AssertionFailedError
	at simpledb.IntHistogramTest.opLessThanTest(IntHistogramTest.java:117)
</failure>

      </testcase>

      <testcase classname="simpledb.IntHistogramTest" name="negativeRangeTest" time="0.001">
          <failure type="junit.framework.AssertionFailedError">junit.framework.AssertionFailedError
	at simpledb.IntHistogramTest.negativeRangeTest(IntHistogramTest.java:61)
</failure>

      </testcase>

      <testcase classname="simpledb.IntHistogramTest" name="opEqualsTest" time="0.001">
          <failure type="junit.framework.AssertionFailedError">junit.framework.AssertionFailedError
	at simpledb.IntHistogramTest.opEqualsTest(IntHistogramTest.java:77)
</failure>

      </testcase>

      <testcase classname="simpledb.IntHistogramTest" name="opLessThanOrEqualsTest" time="0.0">
          <failure type="junit.framework.AssertionFailedError">junit.framework.AssertionFailedError
	at simpledb.IntHistogramTest.opLessThanOrEqualsTest(IntHistogramTest.java:158)
</failure>

      </testcase>

      <testcase classname="simpledb.IntHistogramTest" name="opGreaterThanOrEqualsTest" time="0.0">
          <failure type="junit.framework.AssertionFailedError">junit.framework.AssertionFailedError
	at simpledb.IntHistogramTest.opGreaterThanOrEqualsTest(IntHistogramTest.java:135)
</failure>

      </testcase>

      <testcase classname="simpledb.IntHistogramTest" name="opGreaterThanTest" time="0.0">
          <failure type="junit.framework.AssertionFailedError">junit.framework.AssertionFailedError
	at simpledb.IntHistogramTest.opGreaterThanTest(IntHistogramTest.java:95)
</failure>

      </testcase>

      <system-out><![CDATA[]]></system-out>

      <system-err><![CDATA[]]></system-err>

  </testsuite>
  <testsuite errors="5" failures="0" hostname="saiho" id="22" name="IntegerAggregatorTest" package="simpledb" skipped="0" tests="5" time="0.094" timestamp="2024-05-05T11:47:24">
      <properties>
[...]
</properties>

      <testcase classname="simpledb.IntegerAggregatorTest" name="mergeAvg" time="0.013">
          <error message="please implement me for lab2" type="java.lang.UnsupportedOperationException">java.lang.UnsupportedOperationException: please implement me for lab2
	at simpledb.execution.IntegerAggregator.iterator(IntegerAggregator.java:53)
	at simpledb.IntegerAggregatorTest.mergeAvg(IntegerAggregatorTest.java:127)
</error>

      </testcase>

      <testcase classname="simpledb.IntegerAggregatorTest" name="mergeMax" time="0.001">
          <error message="please implement me for lab2" type="java.lang.UnsupportedOperationException">java.lang.UnsupportedOperationException: please implement me for lab2
	at simpledb.execution.IntegerAggregator.iterator(IntegerAggregator.java:53)
	at simpledb.IntegerAggregatorTest.mergeMax(IntegerAggregatorTest.java:111)
</error>

      </testcase>

      <testcase classname="simpledb.IntegerAggregatorTest" name="mergeMin" time="0.001">
          <error message="please implement me for lab2" type="java.lang.UnsupportedOperationException">java.lang.UnsupportedOperationException: please implement me for lab2
	at simpledb.execution.IntegerAggregator.iterator(IntegerAggregator.java:53)
	at simpledb.IntegerAggregatorTest.mergeMin(IntegerAggregatorTest.java:95)
</error>

      </testcase>

      <testcase classname="simpledb.IntegerAggregatorTest" name="mergeSum" time="0.001">
          <error message="please implement me for lab2" type="java.lang.UnsupportedOperationException">java.lang.UnsupportedOperationException: please implement me for lab2
	at simpledb.execution.IntegerAggregator.iterator(IntegerAggregator.java:53)
	at simpledb.IntegerAggregatorTest.mergeSum(IntegerAggregatorTest.java:79)
</error>

      </testcase>

      <testcase classname="simpledb.IntegerAggregatorTest" name="testIterator" time="0.001">
          <error message="please implement me for lab2" type="java.lang.UnsupportedOperationException">java.lang.UnsupportedOperationException: please implement me for lab2
	at simpledb.execution.IntegerAggregator.iterator(IntegerAggregator.java:53)
	at simpledb.IntegerAggregatorTest.testIterator(IntegerAggregatorTest.java:147)
</error>

      </testcase>

      <system-out><![CDATA[]]></system-out>

      <system-err><![CDATA[]]></system-err>

  </testsuite>
  <testsuite errors="5" failures="0" hostname="saiho" id="23" name="JoinOptimizerTest" package="simpledb" skipped="0" tests="5" time="0.364" timestamp="2024-05-05T11:47:24">
      <properties>
[...]
</properties>

      <testcase classname="simpledb.JoinOptimizerTest" name="estimateJoinCardinality" time="0.248">
          <error message="implement this" type="java.lang.UnsupportedOperationException">java.lang.UnsupportedOperationException: implement this
	at simpledb.storage.HeapFile.getId(HeapFile.java:57)
	at simpledb.common.Catalog.getTableId(Catalog.java:78)
	at simpledb.JoinOptimizerTest.setUp(JoinOptimizerTest.java:79)
</error>

      </testcase>

      <testcase classname="simpledb.JoinOptimizerTest" name="nonequalityOrderJoinsTest" time="0.01">
          <error message="implement this" type="java.lang.UnsupportedOperationException">java.lang.UnsupportedOperationException: implement this
	at simpledb.storage.HeapFile.getId(HeapFile.java:57)
	at simpledb.common.Catalog.getTableId(Catalog.java:78)
	at simpledb.JoinOptimizerTest.setUp(JoinOptimizerTest.java:79)
</error>

      </testcase>

      <testcase classname="simpledb.JoinOptimizerTest" name="orderJoinsTest" time="0.01">
          <error message="implement this" type="java.lang.UnsupportedOperationException">java.lang.UnsupportedOperationException: implement this
	at simpledb.storage.HeapFile.getId(HeapFile.java:57)
	at simpledb.common.Catalog.getTableId(Catalog.java:78)
	at simpledb.JoinOptimizerTest.setUp(JoinOptimizerTest.java:79)
</error>

      </testcase>

      <testcase classname="simpledb.JoinOptimizerTest" name="estimateJoinCostTest" time="0.007">
          <error message="implement this" type="java.lang.UnsupportedOperationException">java.lang.UnsupportedOperationException: implement this
	at simpledb.storage.HeapFile.getId(HeapFile.java:57)
	at simpledb.common.Catalog.getTableId(Catalog.java:78)
	at simpledb.JoinOptimizerTest.setUp(JoinOptimizerTest.java:79)
</error>

      </testcase>

      <testcase classname="simpledb.JoinOptimizerTest" name="bigOrderJoinsTest" time="0.012">
          <error message="implement this" type="java.lang.UnsupportedOperationException">java.lang.UnsupportedOperationException: implement this
	at simpledb.storage.HeapFile.getId(HeapFile.java:57)
	at simpledb.common.Catalog.getTableId(Catalog.java:78)
	at simpledb.JoinOptimizerTest.setUp(JoinOptimizerTest.java:79)
</error>

      </testcase>

      <system-out><![CDATA[]]></system-out>

      <system-err><![CDATA[]]></system-err>

  </testsuite>
  <testsuite errors="0" failures="1" hostname="saiho" id="24" name="JoinPredicateTest" package="simpledb" skipped="0" tests="1" time="0.088" timestamp="2024-05-05T11:47:25">
      <properties>
[...]
</properties>

      <testcase classname="simpledb.JoinPredicateTest" name="filterVaryingVals" time="0.014">
          <error type="java.lang.AssertionError">java.lang.AssertionError
	at simpledb.JoinPredicateTest.filterVaryingVals(JoinPredicateTest.java:25)
</error>

      </testcase>

      <system-out><![CDATA[]]></system-out>

      <system-err><![CDATA[]]></system-err>

  </testsuite>
  <testsuite errors="3" failures="1" hostname="saiho" id="25" name="JoinTest" package="simpledb" skipped="0" tests="4" time="0.107" timestamp="2024-05-05T11:47:25">
      <properties>
[...]
</properties>

      <testcase classname="simpledb.JoinTest" name="getTupleDesc" time="0.014">
          <error message="expected:&lt;(INT_TYPE),(INT_TYPE),(INT_TYPE),(INT_TYPE),(INT_TYPE)&gt; but was:&lt;null&gt;" type="java.lang.AssertionError">java.lang.AssertionError: expected:&lt;(INT_TYPE),(INT_TYPE),(INT_TYPE),(INT_TYPE),(INT_TYPE)&gt; but was:&lt;null&gt;
	at simpledb.JoinTest.getTupleDesc(JoinTest.java:71)
</error>

      </testcase>

      <testcase classname="simpledb.JoinTest" name="eqJoin" time="0.001">
          <error message="Operator not yet open" type="java.lang.IllegalStateException">java.lang.IllegalStateException: Operator not yet open
	at simpledb.execution.Operator.hasNext(Operator.java:21)
	at simpledb.TestUtil.matchAllTuples(TestUtil.java:140)
	at simpledb.JoinTest.eqJoin(JoinTest.java:112)
</error>

      </testcase>

      <testcase classname="simpledb.JoinTest" name="gtJoin" time="0.0">
          <error message="Operator not yet open" type="java.lang.IllegalStateException">java.lang.IllegalStateException: Operator not yet open
	at simpledb.execution.Operator.hasNext(Operator.java:21)
	at simpledb.TestUtil.matchAllTuples(TestUtil.java:140)
	at simpledb.JoinTest.gtJoin(JoinTest.java:101)
</error>

      </testcase>

      <testcase classname="simpledb.JoinTest" name="rewind" time="0.001">
          <error message="Operator not yet open" type="java.lang.IllegalStateException">java.lang.IllegalStateException: Operator not yet open
	at simpledb.execution.Operator.hasNext(Operator.java:21)
	at simpledb.JoinTest.rewind(JoinTest.java:81)
</error>

      </testcase>

      <system-out><![CDATA[]]></system-out>

      <system-err><![CDATA[]]></system-err>

  </testsuite>
  <testsuite errors="9" failures="0" hostname="saiho" id="26" name="LockingTest" package="simpledb" skipped="0" tests="9" time="0.314" timestamp="2024-05-05T11:47:25">
      <properties>
[...]
</properties>

      <testcase classname="simpledb.LockingTest" name="acquireWriteReadLocksOnSamePage" time="0.228">
          <error message="implement this" type="java.lang.UnsupportedOperationException">java.lang.UnsupportedOperationException: implement this
	at simpledb.storage.HeapFile.getId(HeapFile.java:57)
	at simpledb.common.Utility.createEmptyHeapFile(Utility.java:114)
	at simpledb.TestUtil$CreateHeapFile.setUp(TestUtil.java:386)
	at simpledb.LockingTest.setUp(LockingTest.java:31)
</error>

      </testcase>

      <testcase classname="simpledb.LockingTest" name="acquireReadLocksOnTwoPages" time="0.002">
          <error message="implement this" type="java.lang.UnsupportedOperationException">java.lang.UnsupportedOperationException: implement this
	at simpledb.storage.HeapFile.getId(HeapFile.java:57)
	at simpledb.common.Utility.createEmptyHeapFile(Utility.java:114)
	at simpledb.TestUtil$CreateHeapFile.setUp(TestUtil.java:386)
	at simpledb.LockingTest.setUp(LockingTest.java:31)
</error>

      </testcase>

      <testcase classname="simpledb.LockingTest" name="acquireReadLocksOnSamePage" time="0.002">
          <error message="implement this" type="java.lang.UnsupportedOperationException">java.lang.UnsupportedOperationException: implement this
	at simpledb.storage.HeapFile.getId(HeapFile.java:57)
	at simpledb.common.Utility.createEmptyHeapFile(Utility.java:114)
	at simpledb.TestUtil$CreateHeapFile.setUp(TestUtil.java:386)
	at simpledb.LockingTest.setUp(LockingTest.java:31)
</error>

      </testcase>

      <testcase classname="simpledb.LockingTest" name="acquireReadWriteLocksOnTwoPages" time="0.001">
          <error message="implement this" type="java.lang.UnsupportedOperationException">java.lang.UnsupportedOperationException: implement this
	at simpledb.storage.HeapFile.getId(HeapFile.java:57)
	at simpledb.common.Utility.createEmptyHeapFile(Utility.java:114)
	at simpledb.TestUtil$CreateHeapFile.setUp(TestUtil.java:386)
	at simpledb.LockingTest.setUp(LockingTest.java:31)
</error>

      </testcase>

      <testcase classname="simpledb.LockingTest" name="lockUpgrade" time="0.001">
          <error message="implement this" type="java.lang.UnsupportedOperationException">java.lang.UnsupportedOperationException: implement this
	at simpledb.storage.HeapFile.getId(HeapFile.java:57)
	at simpledb.common.Utility.createEmptyHeapFile(Utility.java:114)
	at simpledb.TestUtil$CreateHeapFile.setUp(TestUtil.java:386)
	at simpledb.LockingTest.setUp(LockingTest.java:31)
</error>

      </testcase>

      <testcase classname="simpledb.LockingTest" name="acquireReadWriteLocksOnSamePage" time="0.001">
          <error message="implement this" type="java.lang.UnsupportedOperationException">java.lang.UnsupportedOperationException: implement this
	at simpledb.storage.HeapFile.getId(HeapFile.java:57)
	at simpledb.common.Utility.createEmptyHeapFile(Utility.java:114)
	at simpledb.TestUtil$CreateHeapFile.setUp(TestUtil.java:386)
	at simpledb.LockingTest.setUp(LockingTest.java:31)
</error>

      </testcase>

      <testcase classname="simpledb.LockingTest" name="acquireThenRelease" time="0.001">
          <error message="implement this" type="java.lang.UnsupportedOperationException">java.lang.UnsupportedOperationException: implement this
	at simpledb.storage.HeapFile.getId(HeapFile.java:57)
	at simpledb.common.Utility.createEmptyHeapFile(Utility.java:114)
	at simpledb.TestUtil$CreateHeapFile.setUp(TestUtil.java:386)
	at simpledb.LockingTest.setUp(LockingTest.java:31)
</error>

      </testcase>

      <testcase classname="simpledb.LockingTest" name="acquireWriteAndReadLocks" time="0.002">
          <error message="implement this" type="java.lang.UnsupportedOperationException">java.lang.UnsupportedOperationException: implement this
	at simpledb.storage.HeapFile.getId(HeapFile.java:57)
	at simpledb.common.Utility.createEmptyHeapFile(Utility.java:114)
	at simpledb.TestUtil$CreateHeapFile.setUp(TestUtil.java:386)
	at simpledb.LockingTest.setUp(LockingTest.java:31)
</error>

      </testcase>

      <testcase classname="simpledb.LockingTest" name="acquireWriteLocksOnTwoPages" time="0.001">
          <error message="implement this" type="java.lang.UnsupportedOperationException">java.lang.UnsupportedOperationException: implement this
	at simpledb.storage.HeapFile.getId(HeapFile.java:57)
	at simpledb.common.Utility.createEmptyHeapFile(Utility.java:114)
	at simpledb.TestUtil$CreateHeapFile.setUp(TestUtil.java:386)
	at simpledb.LockingTest.setUp(LockingTest.java:31)
</error>

      </testcase>

      <system-out><![CDATA[]]></system-out>

      <system-err><![CDATA[]]></system-err>

  </testsuite>
  <testsuite errors="0" failures="1" hostname="saiho" id="27" name="PredicateTest" package="simpledb" skipped="0" tests="1" time="0.087" timestamp="2024-05-05T11:47:26">
      <properties>
[...]
</properties>

      <testcase classname="simpledb.PredicateTest" name="filter" time="0.015">
          <error type="java.lang.AssertionError">java.lang.AssertionError
	at simpledb.PredicateTest.filter(PredicateTest.java:23)
</error>

      </testcase>

      <system-out><![CDATA[]]></system-out>

      <system-err><![CDATA[]]></system-err>

  </testsuite>
  <testsuite errors="3" failures="1" hostname="saiho" id="28" name="RecordIdTest" package="simpledb" skipped="0" tests="4" time="0.086" timestamp="2024-05-05T11:47:26">
      <properties>
[...]
</properties>

      <testcase classname="simpledb.RecordIdTest" name="equals" time="0.01">
          <error message="implement this" type="java.lang.UnsupportedOperationException">java.lang.UnsupportedOperationException: implement this
	at simpledb.storage.RecordId.equals(RecordId.java:51)
	at simpledb.RecordIdTest.equals(RecordIdTest.java:52)
</error>

      </testcase>

      <testcase classname="simpledb.RecordIdTest" name="tupleno" time="0.001">
          <error message="expected:&lt;3&gt; but was:&lt;0&gt;" type="java.lang.AssertionError">java.lang.AssertionError: expected:&lt;3&gt; but was:&lt;0&gt;
	at simpledb.RecordIdTest.tupleno(RecordIdTest.java:45)
</error>

      </testcase>

      <testcase classname="simpledb.RecordIdTest" name="hCode" time="0.001">
          <error message="implement this" type="java.lang.UnsupportedOperationException">java.lang.UnsupportedOperationException: implement this
	at simpledb.storage.RecordId.hashCode(RecordId.java:63)
	at simpledb.RecordIdTest.hCode(RecordIdTest.java:64)
</error>

      </testcase>

      <testcase classname="simpledb.RecordIdTest" name="getPageId" time="0.001">
          <error message="implement this" type="java.lang.UnsupportedOperationException">java.lang.UnsupportedOperationException: implement this
	at simpledb.storage.HeapPageId.hashCode(HeapPageId.java:40)
	at java.lang.Object.toString(Object.java:236)
	at java.lang.String.valueOf(String.java:2994)
	at simpledb.RecordIdTest.getPageId(RecordIdTest.java:37)
</error>

      </testcase>

      <system-out><![CDATA[]]></system-out>

      <system-err><![CDATA[]]></system-err>

  </testsuite>
  <testsuite errors="2" failures="0" hostname="saiho" id="29" name="StringAggregatorTest" package="simpledb" skipped="0" tests="2" time="0.086" timestamp="2024-05-05T11:47:26">
      <properties>
[...]
</properties>

      <testcase classname="simpledb.StringAggregatorTest" name="mergeCount" time="0.013">
          <error message="please implement me for lab2" type="java.lang.UnsupportedOperationException">java.lang.UnsupportedOperationException: please implement me for lab2
	at simpledb.execution.StringAggregator.iterator(StringAggregator.java:44)
	at simpledb.StringAggregatorTest.mergeCount(StringAggregatorTest.java:54)
</error>

      </testcase>

      <testcase classname="simpledb.StringAggregatorTest" name="testIterator" time="0.001">
          <error message="please implement me for lab2" type="java.lang.UnsupportedOperationException">java.lang.UnsupportedOperationException: please implement me for lab2
	at simpledb.execution.StringAggregator.iterator(StringAggregator.java:44)
	at simpledb.StringAggregatorTest.testIterator(StringAggregatorTest.java:74)
</error>

      </testcase>

      <system-out><![CDATA[]]></system-out>

      <system-err><![CDATA[]]></system-err>

  </testsuite>
  <testsuite errors="3" failures="0" hostname="saiho" id="30" name="TableStatsTest" package="simpledb" skipped="0" tests="3" time="0.46" timestamp="2024-05-05T11:47:27">
      <properties>
[...]
</properties>

      <testcase classname="simpledb.TableStatsTest" name="estimateScanCostTest" time="0.286">
          <error message="implement this" type="java.lang.UnsupportedOperationException">java.lang.UnsupportedOperationException: implement this
	at simpledb.storage.HeapFile.getId(HeapFile.java:57)
	at simpledb.common.Catalog.getTableId(Catalog.java:78)
	at simpledb.TableStatsTest.setUp(TableStatsTest.java:37)
</error>

      </testcase>

      <testcase classname="simpledb.TableStatsTest" name="estimateTableCardinalityTest" time="0.057">
          <error message="implement this" type="java.lang.UnsupportedOperationException">java.lang.UnsupportedOperationException: implement this
	at simpledb.storage.HeapFile.getId(HeapFile.java:57)
	at simpledb.common.Catalog.getTableId(Catalog.java:78)
	at simpledb.TableStatsTest.setUp(TableStatsTest.java:37)
</error>

      </testcase>

      <testcase classname="simpledb.TableStatsTest" name="estimateSelectivityTest" time="0.042">
          <error message="implement this" type="java.lang.UnsupportedOperationException">java.lang.UnsupportedOperationException: implement this
	at simpledb.storage.HeapFile.getId(HeapFile.java:57)
	at simpledb.common.Catalog.getTableId(Catalog.java:78)
	at simpledb.TableStatsTest.setUp(TableStatsTest.java:37)
</error>

      </testcase>

      <system-out><![CDATA[]]></system-out>

      <system-err><![CDATA[]]></system-err>

  </testsuite>
  <testsuite errors="3" failures="0" hostname="saiho" id="31" name="TransactionTest" package="simpledb" skipped="0" tests="3" time="0.312" timestamp="2024-05-05T11:47:27">
      <properties>
[...]
</properties>

      <testcase classname="simpledb.TransactionTest" name="commitTransaction" time="0.229">
          <error message="implement this" type="java.lang.UnsupportedOperationException">java.lang.UnsupportedOperationException: implement this
	at simpledb.storage.HeapFile.getId(HeapFile.java:57)
	at simpledb.common.Utility.createEmptyHeapFile(Utility.java:114)
	at simpledb.TestUtil$CreateHeapFile.setUp(TestUtil.java:386)
	at simpledb.TransactionTest.setUp(TransactionTest.java:26)
</error>

      </testcase>

      <testcase classname="simpledb.TransactionTest" name="attemptTransactionTwice" time="0.002">
          <error message="implement this" type="java.lang.UnsupportedOperationException">java.lang.UnsupportedOperationException: implement this
	at simpledb.storage.HeapFile.getId(HeapFile.java:57)
	at simpledb.common.Utility.createEmptyHeapFile(Utility.java:114)
	at simpledb.TestUtil$CreateHeapFile.setUp(TestUtil.java:386)
	at simpledb.TransactionTest.setUp(TransactionTest.java:26)
</error>

      </testcase>

      <testcase classname="simpledb.TransactionTest" name="abortTransaction" time="0.002">
          <error message="implement this" type="java.lang.UnsupportedOperationException">java.lang.UnsupportedOperationException: implement this
	at simpledb.storage.HeapFile.getId(HeapFile.java:57)
	at simpledb.common.Utility.createEmptyHeapFile(Utility.java:114)
	at simpledb.TestUtil$CreateHeapFile.setUp(TestUtil.java:386)
	at simpledb.TransactionTest.setUp(TransactionTest.java:26)
</error>

      </testcase>

      <system-out><![CDATA[]]></system-out>

      <system-err><![CDATA[]]></system-err>

  </testsuite>
  <testsuite errors="0" failures="0" hostname="saiho" id="32" name="TupleDescTest" package="simpledb" skipped="0" tests="6" time="0.096" timestamp="2024-05-05T11:47:28">
      <properties>
[...]
</properties>

      <testcase classname="simpledb.TupleDescTest" name="getSize" time="0.008" />

      <testcase classname="simpledb.TupleDescTest" name="getType" time="0.0" />

      <testcase classname="simpledb.TupleDescTest" name="numFields" time="0.0" />

      <testcase classname="simpledb.TupleDescTest" name="combine" time="0.0" />

      <testcase classname="simpledb.TupleDescTest" name="testEquals" time="0.001" />

      <testcase classname="simpledb.TupleDescTest" name="nameToId" time="0.01" />

      <system-out><![CDATA[]]></system-out>

      <system-err><![CDATA[]]></system-err>

  </testsuite>
  <testsuite errors="1" failures="0" hostname="saiho" id="33" name="TupleTest" package="simpledb" skipped="0" tests="3" time="0.088" timestamp="2024-05-05T11:47:28">
      <properties>
[...]
</properties>

      <testcase classname="simpledb.TupleTest" name="getTupleDesc" time="0.007" />

      <testcase classname="simpledb.TupleTest" name="modifyRecordId" time="0.005">
          <error message="modifyRecordId() test failed due to RecordId.equals() not being implemented.  This is not required for Lab 1, but should pass when you do implement the RecordId class." type="java.lang.UnsupportedOperationException">java.lang.UnsupportedOperationException: modifyRecordId() test failed due to RecordId.equals() not being implemented.  This is not required for Lab 1, but should pass when you do implement the RecordId class.
	at simpledb.TupleTest.modifyRecordId(TupleTest.java:56)
</error>

      </testcase>

      <testcase classname="simpledb.TupleTest" name="modifyFields" time="0.001" />

      <system-out><![CDATA[]]></system-out>

      <system-err><![CDATA[]]></system-err>

  </testsuite>
  <testsuite errors="1" failures="0" hostname="saiho" id="34" name="AbortEvictionTest" package="simpledb.systemtest" skipped="0" tests="1" time="0.485" timestamp="2024-05-05T11:47:29">
      <properties>
[...]
</properties>

      <testcase classname="simpledb.systemtest.AbortEvictionTest" name="testDoNotEvictDirtyPages" time="0.382">
          <error message="implement this" type="java.lang.UnsupportedOperationException">java.lang.UnsupportedOperationException: implement this
	at simpledb.storage.HeapFile.getId(HeapFile.java:57)
	at simpledb.systemtest.AbortEvictionTest.insertRow(AbortEvictionTest.java:33)
	at simpledb.systemtest.AbortEvictionTest.testDoNotEvictDirtyPages(AbortEvictionTest.java:77)
</error>

      </testcase>

      <system-out><![CDATA[]]></system-out>

      <system-err><![CDATA[]]></system-err>

  </testsuite>
  <testsuite errors="6" failures="0" hostname="saiho" id="35" name="AggregateTest" package="simpledb.systemtest" skipped="0" tests="6" time="0.406" timestamp="2024-05-05T11:47:30">
      <properties>
[...]
</properties>

      <testcase classname="simpledb.systemtest.AggregateTest" name="testAverageNoGroup" time="0.259">
          <error message="implement this" type="java.lang.UnsupportedOperationException">java.lang.UnsupportedOperationException: implement this
	at simpledb.storage.HeapFile.getId(HeapFile.java:57)
	at simpledb.systemtest.AggregateTest.validateAggregate(AggregateTest.java:24)
	at simpledb.systemtest.AggregateTest.doAggregate(AggregateTest.java:96)
	at simpledb.systemtest.AggregateTest.testAverageNoGroup(AggregateTest.java:121)
</error>

      </testcase>

      <testcase classname="simpledb.systemtest.AggregateTest" name="testMax" time="0.008">
          <error message="implement this" type="java.lang.UnsupportedOperationException">java.lang.UnsupportedOperationException: implement this
	at simpledb.storage.HeapFile.getId(HeapFile.java:57)
	at simpledb.systemtest.AggregateTest.validateAggregate(AggregateTest.java:24)
	at simpledb.systemtest.AggregateTest.doAggregate(AggregateTest.java:96)
	at simpledb.systemtest.AggregateTest.testMax(AggregateTest.java:108)
</error>

      </testcase>

      <testcase classname="simpledb.systemtest.AggregateTest" name="testMin" time="0.007">
          <error message="implement this" type="java.lang.UnsupportedOperationException">java.lang.UnsupportedOperationException: implement this
	at simpledb.storage.HeapFile.getId(HeapFile.java:57)
	at simpledb.systemtest.AggregateTest.validateAggregate(AggregateTest.java:24)
	at simpledb.systemtest.AggregateTest.doAggregate(AggregateTest.java:96)
	at simpledb.systemtest.AggregateTest.testMin(AggregateTest.java:104)
</error>

      </testcase>

      <testcase classname="simpledb.systemtest.AggregateTest" name="testSum" time="0.006">
          <error message="implement this" type="java.lang.UnsupportedOperationException">java.lang.UnsupportedOperationException: implement this
	at simpledb.storage.HeapFile.getId(HeapFile.java:57)
	at simpledb.systemtest.AggregateTest.validateAggregate(AggregateTest.java:24)
	at simpledb.systemtest.AggregateTest.doAggregate(AggregateTest.java:96)
	at simpledb.systemtest.AggregateTest.testSum(AggregateTest.java:100)
</error>

      </testcase>

      <testcase classname="simpledb.systemtest.AggregateTest" name="testCount" time="0.006">
          <error message="implement this" type="java.lang.UnsupportedOperationException">java.lang.UnsupportedOperationException: implement this
	at simpledb.storage.HeapFile.getId(HeapFile.java:57)
	at simpledb.systemtest.AggregateTest.validateAggregate(AggregateTest.java:24)
	at simpledb.systemtest.AggregateTest.doAggregate(AggregateTest.java:96)
	at simpledb.systemtest.AggregateTest.testCount(AggregateTest.java:112)
</error>

      </testcase>

      <testcase classname="simpledb.systemtest.AggregateTest" name="testAverage" time="0.006">
          <error message="implement this" type="java.lang.UnsupportedOperationException">java.lang.UnsupportedOperationException: implement this
	at simpledb.storage.HeapFile.getId(HeapFile.java:57)
	at simpledb.systemtest.AggregateTest.validateAggregate(AggregateTest.java:24)
	at simpledb.systemtest.AggregateTest.doAggregate(AggregateTest.java:96)
	at simpledb.systemtest.AggregateTest.testAverage(AggregateTest.java:116)
</error>

      </testcase>

      <system-out><![CDATA[]]></system-out>

      <system-err><![CDATA[]]></system-err>

  </testsuite>
  <testsuite errors="6" failures="0" hostname="saiho" id="36" name="BTreeFileDeleteTest" package="simpledb.systemtest" skipped="0" tests="6" time="0.645" timestamp="2024-05-05T11:47:30">
      <properties>
[...]
</properties>

      <testcase classname="simpledb.systemtest.BTreeFileDeleteTest" name="testRedistributeLeafPages" time="0.219">
          <error message="implement this" type="java.lang.UnsupportedOperationException">java.lang.UnsupportedOperationException: implement this
	at simpledb.storage.HeapFile.getId(HeapFile.java:57)
	at simpledb.index.BTreeFileEncoder.convert(BTreeFileEncoder.java:211)
	at simpledb.index.BTreeFileEncoder.convert(BTreeFileEncoder.java:181)
	at simpledb.index.BTreeUtility.createRandomBTreeFile(BTreeUtility.java:160)
	at simpledb.index.BTreeUtility.createRandomBTreeFile(BTreeUtility.java:122)
	at simpledb.systemtest.BTreeFileDeleteTest.testRedistributeLeafPages(BTreeFileDeleteTest.java:45)
</error>

      </testcase>

      <testcase classname="simpledb.systemtest.BTreeFileDeleteTest" name="testDeleteInternalPages" time="0.049">
          <error message="implement this" type="java.lang.UnsupportedOperationException">java.lang.UnsupportedOperationException: implement this
	at simpledb.storage.HeapFile.getId(HeapFile.java:57)
	at simpledb.index.BTreeFileEncoder.convert(BTreeFileEncoder.java:211)
	at simpledb.index.BTreeFileEncoder.convert(BTreeFileEncoder.java:181)
	at simpledb.index.BTreeUtility.createRandomBTreeFile(BTreeUtility.java:160)
	at simpledb.index.BTreeUtility.createRandomBTreeFile(BTreeUtility.java:122)
	at simpledb.systemtest.BTreeFileDeleteTest.testDeleteInternalPages(BTreeFileDeleteTest.java:261)
</error>

      </testcase>

      <testcase classname="simpledb.systemtest.BTreeFileDeleteTest" name="testReuseDeletedPages" time="0.004">
          <error message="implement this" type="java.lang.UnsupportedOperationException">java.lang.UnsupportedOperationException: implement this
	at simpledb.storage.HeapFile.getId(HeapFile.java:57)
	at simpledb.index.BTreeFileEncoder.convert(BTreeFileEncoder.java:211)
	at simpledb.index.BTreeFileEncoder.convert(BTreeFileEncoder.java:181)
	at simpledb.index.BTreeUtility.createRandomBTreeFile(BTreeUtility.java:160)
	at simpledb.index.BTreeUtility.createRandomBTreeFile(BTreeUtility.java:122)
	at simpledb.systemtest.BTreeFileDeleteTest.testReuseDeletedPages(BTreeFileDeleteTest.java:159)
</error>

      </testcase>

      <testcase classname="simpledb.systemtest.BTreeFileDeleteTest" name="testDeleteRootPage" time="0.003">
          <error message="implement this" type="java.lang.UnsupportedOperationException">java.lang.UnsupportedOperationException: implement this
	at simpledb.storage.HeapFile.getId(HeapFile.java:57)
	at simpledb.index.BTreeFileEncoder.convert(BTreeFileEncoder.java:211)
	at simpledb.index.BTreeFileEncoder.convert(BTreeFileEncoder.java:181)
	at simpledb.index.BTreeUtility.createRandomBTreeFile(BTreeUtility.java:160)
	at simpledb.index.BTreeUtility.createRandomBTreeFile(BTreeUtility.java:122)
	at simpledb.systemtest.BTreeFileDeleteTest.testDeleteRootPage(BTreeFileDeleteTest.java:127)
</error>

      </testcase>

      <testcase classname="simpledb.systemtest.BTreeFileDeleteTest" name="testMergeLeafPages" time="0.004">
          <error message="implement this" type="java.lang.UnsupportedOperationException">java.lang.UnsupportedOperationException: implement this
	at simpledb.storage.HeapFile.getId(HeapFile.java:57)
	at simpledb.index.BTreeFileEncoder.convert(BTreeFileEncoder.java:211)
	at simpledb.index.BTreeFileEncoder.convert(BTreeFileEncoder.java:181)
	at simpledb.index.BTreeUtility.createRandomBTreeFile(BTreeUtility.java:160)
	at simpledb.index.BTreeUtility.createRandomBTreeFile(BTreeUtility.java:122)
	at simpledb.systemtest.BTreeFileDeleteTest.testMergeLeafPages(BTreeFileDeleteTest.java:84)
</error>

      </testcase>

      <testcase classname="simpledb.systemtest.BTreeFileDeleteTest" name="testRedistributeInternalPages" time="0.286">
          <error message="implement this" type="java.lang.UnsupportedOperationException">java.lang.UnsupportedOperationException: implement this
	at simpledb.storage.HeapFile.getId(HeapFile.java:57)
	at simpledb.index.BTreeFileEncoder.convert(BTreeFileEncoder.java:211)
	at simpledb.index.BTreeFileEncoder.convert(BTreeFileEncoder.java:181)
	at simpledb.index.BTreeUtility.createRandomBTreeFile(BTreeUtility.java:160)
	at simpledb.index.BTreeUtility.createRandomBTreeFile(BTreeUtility.java:122)
	at simpledb.systemtest.BTreeFileDeleteTest.testRedistributeInternalPages(BTreeFileDeleteTest.java:193)
</error>

      </testcase>

      <system-out><![CDATA[]]></system-out>

      <system-err><![CDATA[]]></system-err>

  </testsuite>
  <testsuite errors="5" failures="0" hostname="saiho" id="37" name="BTreeFileInsertTest" package="simpledb.systemtest" skipped="0" tests="5" time="0.615" timestamp="2024-05-05T11:47:31">
      <properties>
[...]
</properties>

      <testcase classname="simpledb.systemtest.BTreeFileInsertTest" name="testSplitLeafPage" time="0.23">
          <error message="implement this" type="java.lang.UnsupportedOperationException">java.lang.UnsupportedOperationException: implement this
	at simpledb.storage.HeapFile.getId(HeapFile.java:57)
	at simpledb.index.BTreeFileEncoder.convert(BTreeFileEncoder.java:211)
	at simpledb.index.BTreeFileEncoder.convert(BTreeFileEncoder.java:181)
	at simpledb.index.BTreeUtility.createRandomBTreeFile(BTreeUtility.java:160)
	at simpledb.index.BTreeUtility.createRandomBTreeFile(BTreeUtility.java:122)
	at simpledb.systemtest.BTreeFileInsertTest.testSplitLeafPage(BTreeFileInsertTest.java:141)
</error>

      </testcase>

      <testcase classname="simpledb.systemtest.BTreeFileInsertTest" name="addTuple" time="0.006">
          <error type="java.lang.NullPointerException">java.lang.NullPointerException
	at simpledb.index.BTreeFile.insertTuple(BTreeFile.java:432)
	at simpledb.systemtest.BTreeFileInsertTest.addTuple(BTreeFileInsertTest.java:55)
</error>

      </testcase>

      <testcase classname="simpledb.systemtest.BTreeFileInsertTest" name="testSplitInternalPage" time="0.052">
          <error message="implement this" type="java.lang.UnsupportedOperationException">java.lang.UnsupportedOperationException: implement this
	at simpledb.storage.HeapFile.getId(HeapFile.java:57)
	at simpledb.index.BTreeFileEncoder.convert(BTreeFileEncoder.java:211)
	at simpledb.index.BTreeFileEncoder.convert(BTreeFileEncoder.java:181)
	at simpledb.index.BTreeUtility.createRandomBTreeFile(BTreeUtility.java:160)
	at simpledb.index.BTreeUtility.createRandomBTreeFile(BTreeUtility.java:122)
	at simpledb.systemtest.BTreeFileInsertTest.testSplitInternalPage(BTreeFileInsertTest.java:240)
</error>

      </testcase>

      <testcase classname="simpledb.systemtest.BTreeFileInsertTest" name="addDuplicateTuples" time="0.003">
          <error type="java.lang.NullPointerException">java.lang.NullPointerException
	at simpledb.index.BTreeChecker.checkRep(BTreeChecker.java:73)
	at simpledb.systemtest.BTreeFileInsertTest.addDuplicateTuples(BTreeFileInsertTest.java:93)
</error>

      </testcase>

      <testcase classname="simpledb.systemtest.BTreeFileInsertTest" name="testSplitRootPage" time="0.249">
          <error message="implement this" type="java.lang.UnsupportedOperationException">java.lang.UnsupportedOperationException: implement this
	at simpledb.storage.HeapFile.getId(HeapFile.java:57)
	at simpledb.index.BTreeFileEncoder.convert(BTreeFileEncoder.java:211)
	at simpledb.index.BTreeFileEncoder.convert(BTreeFileEncoder.java:181)
	at simpledb.index.BTreeUtility.createRandomBTreeFile(BTreeUtility.java:160)
	at simpledb.index.BTreeUtility.createRandomBTreeFile(BTreeUtility.java:122)
	at simpledb.systemtest.BTreeFileInsertTest.testSplitRootPage(BTreeFileInsertTest.java:177)
</error>

      </testcase>

      <system-out><![CDATA[]]></system-out>

      <system-err><![CDATA[]]></system-err>

  </testsuite>
  <testsuite errors="4" failures="0" hostname="saiho" id="38" name="BTreeScanTest" package="simpledb.systemtest" skipped="0" tests="4" time="0.33" timestamp="2024-05-05T11:47:32">
      <properties>
[...]
</properties>

      <testcase classname="simpledb.systemtest.BTreeScanTest" name="testRewindPredicates" time="0.221">
[...]
	at simpledb.storage.HeapFile.getId(HeapFile.java:57)
	at simpledb.systemtest.DeleteTest.applyPredicate(DeleteTest.java:26)
	at simpledb.systemtest.FilterBase.runTransactionForPredicate(FilterBase.java:38)
	at simpledb.systemtest.FilterBase.validatePredicate(FilterBase.java:48)
	at simpledb.systemtest.FilterBase.testEquals(FilterBase.java:71)
</error>

      </testcase>

      <system-out><![CDATA[]]></system-out>

      <system-err><![CDATA[]]></system-err>

  </testsuite>
  <testsuite errors="1" failures="0" hostname="saiho" id="41" name="EvictionTest" package="simpledb.systemtest" skipped="0" tests="1" time="0.699" timestamp="2024-05-05T11:47:34">
      <properties>
[...]
</properties>

      <testcase classname="simpledb.systemtest.EvictionTest" name="testHeapFileScanWithManyPages" time="0.624">
          <error message="implement this" type="java.lang.UnsupportedOperationException">java.lang.UnsupportedOperationException: implement this
	at simpledb.storage.HeapFile.getId(HeapFile.java:57)
	at simpledb.systemtest.EvictionTest.testHeapFileScanWithManyPages(EvictionTest.java:38)
</error>

      </testcase>

      <system-out><![CDATA[EvictionTest creating large table
EvictionTest scanning large table
]]></system-out>

      <system-err><![CDATA[]]></system-err>

  </testsuite>
  <testsuite errors="5" failures="0" hostname="saiho" id="42" name="FilterTest" package="simpledb.systemtest" skipped="0" tests="5" time="0.325" timestamp="2024-05-05T11:47:34">
      <properties>
[...]
</properties>

      <testcase classname="simpledb.systemtest.FilterTest" name="testLessThan" time="0.223">
          <error message="implement this" type="java.lang.UnsupportedOperationException">java.lang.UnsupportedOperationException: implement this
	at simpledb.storage.HeapFile.getId(HeapFile.java:57)
	at simpledb.systemtest.FilterTest.applyPredicate(FilterTest.java:17)
	at simpledb.systemtest.FilterBase.runTransactionForPredicate(FilterBase.java:38)
	at simpledb.systemtest.FilterBase.validatePredicate(FilterBase.java:48)
	at simpledb.systemtest.FilterBase.testLessThan(FilterBase.java:76)
</error>

      </testcase>

      <testcase classname="simpledb.systemtest.FilterTest" name="testLessThanOrEq" time="0.009">
          <error message="implement this" type="java.lang.UnsupportedOperationException">java.lang.UnsupportedOperationException: implement this
	at simpledb.storage.HeapFile.getId(HeapFile.java:57)
	at simpledb.systemtest.FilterTest.applyPredicate(FilterTest.java:17)
	at simpledb.systemtest.FilterBase.runTransactionForPredicate(FilterBase.java:38)
	at simpledb.systemtest.FilterBase.validatePredicate(FilterBase.java:48)
	at simpledb.systemtest.FilterBase.testLessThanOrEq(FilterBase.java:81)
</error>

      </testcase>

      <testcase classname="simpledb.systemtest.FilterTest" name="testGreaterThanOrEq" time="0.005">
          <error message="implement this" type="java.lang.UnsupportedOperationException">java.lang.UnsupportedOperationException: implement this
	at simpledb.storage.HeapFile.getId(HeapFile.java:57)
	at simpledb.systemtest.FilterTest.applyPredicate(FilterTest.java:17)
	at simpledb.systemtest.FilterBase.runTransactionForPredicate(FilterBase.java:38)
	at simpledb.systemtest.FilterBase.validatePredicate(FilterBase.java:48)
	at simpledb.systemtest.FilterBase.testGreaterThanOrEq(FilterBase.java:91)
</error>

      </testcase>

      <testcase classname="simpledb.systemtest.FilterTest" name="testGreaterThan" time="0.007">
          <error message="implement this" type="java.lang.UnsupportedOperationException">java.lang.UnsupportedOperationException: implement this
	at simpledb.storage.HeapFile.getId(HeapFile.java:57)
	at simpledb.systemtest.FilterTest.applyPredicate(FilterTest.java:17)
	at simpledb.systemtest.FilterBase.runTransactionForPredicate(FilterBase.java:38)
	at simpledb.systemtest.FilterBase.validatePredicate(FilterBase.java:48)
	at simpledb.systemtest.FilterBase.testGreaterThan(FilterBase.java:86)
</error>

      </testcase>

      <testcase classname="simpledb.systemtest.FilterTest" name="testEquals" time="0.005">
          <error message="implement this" type="java.lang.UnsupportedOperationException">java.lang.UnsupportedOperationException: implement this
	at simpledb.storage.HeapFile.getId(HeapFile.java:57)
	at simpledb.systemtest.FilterTest.applyPredicate(FilterTest.java:17)
	at simpledb.systemtest.FilterBase.runTransactionForPredicate(FilterBase.java:38)
	at simpledb.systemtest.FilterBase.validatePredicate(FilterBase.java:48)
	at simpledb.systemtest.FilterBase.testEquals(FilterBase.java:71)
</error>

      </testcase>

      <system-out><![CDATA[]]></system-out>

      <system-err><![CDATA[]]></system-err>

  </testsuite>
  <testsuite errors="4" failures="0" hostname="saiho" id="43" name="InsertTest" package="simpledb.systemtest" skipped="0" tests="4" time="0.313" timestamp="2024-05-05T11:47:35">
      <properties>
[...]
</properties>

      <testcase classname="simpledb.systemtest.InsertTest" name="testOneToEmpty" time="0.225">
          <error message="implement this" type="java.lang.UnsupportedOperationException">java.lang.UnsupportedOperationException: implement this
	at simpledb.storage.HeapFile.getId(HeapFile.java:57)
	at simpledb.systemtest.InsertTest.validateInsert(InsertTest.java:34)
	at simpledb.systemtest.InsertTest.testOneToEmpty(InsertTest.java:72)
</error>

      </testcase>

      <testcase classname="simpledb.systemtest.InsertTest" name="testEmptyToOne" time="0.004">
          <error message="implement this" type="java.lang.UnsupportedOperationException">java.lang.UnsupportedOperationException: implement this
	at simpledb.storage.HeapFile.getId(HeapFile.java:57)
	at simpledb.systemtest.InsertTest.validateInsert(InsertTest.java:34)
	at simpledb.systemtest.InsertTest.testEmptyToOne(InsertTest.java:67)
</error>

      </testcase>

      <testcase classname="simpledb.systemtest.InsertTest" name="testOneToOne" time="0.004">
          <error message="implement this" type="java.lang.UnsupportedOperationException">java.lang.UnsupportedOperationException: implement this
	at simpledb.storage.HeapFile.getId(HeapFile.java:57)
	at simpledb.systemtest.InsertTest.validateInsert(InsertTest.java:34)
	at simpledb.systemtest.InsertTest.testOneToOne(InsertTest.java:77)
</error>

      </testcase>

      <testcase classname="simpledb.systemtest.InsertTest" name="testEmptyToEmpty" time="0.003">
          <error message="implement this" type="java.lang.UnsupportedOperationException">java.lang.UnsupportedOperationException: implement this
	at simpledb.storage.HeapFile.getId(HeapFile.java:57)
	at simpledb.systemtest.InsertTest.validateInsert(InsertTest.java:34)
	at simpledb.systemtest.InsertTest.testEmptyToEmpty(InsertTest.java:62)
</error>

      </testcase>

      <system-out><![CDATA[]]></system-out>

      <system-err><![CDATA[]]></system-err>

  </testsuite>
  <testsuite errors="3" failures="0" hostname="saiho" id="44" name="JoinTest" package="simpledb.systemtest" skipped="0" tests="3" time="0.339" timestamp="2024-05-05T11:47:36">
      <properties>
[...]
</properties>

      <testcase classname="simpledb.systemtest.JoinTest" name="testMultipleMatch" time="0.234">
          <error message="implement this" type="java.lang.UnsupportedOperationException">java.lang.UnsupportedOperationException: implement this
	at simpledb.storage.HeapFile.getId(HeapFile.java:57)
	at simpledb.systemtest.JoinTest.validateJoin(JoinTest.java:55)
	at simpledb.systemtest.JoinTest.testMultipleMatch(JoinTest.java:79)
</error>

      </testcase>

      <testcase classname="simpledb.systemtest.JoinTest" name="testNoMatch" time="0.004">
          <error message="implement this" type="java.lang.UnsupportedOperationException">java.lang.UnsupportedOperationException: implement this
	at simpledb.storage.HeapFile.getId(HeapFile.java:57)
	at simpledb.systemtest.JoinTest.validateJoin(JoinTest.java:55)
	at simpledb.systemtest.JoinTest.testNoMatch(JoinTest.java:74)
</error>

      </testcase>

      <testcase classname="simpledb.systemtest.JoinTest" name="testSingleMatch" time="0.003">
          <error message="implement this" type="java.lang.UnsupportedOperationException">java.lang.UnsupportedOperationException: implement this
	at simpledb.storage.HeapFile.getId(HeapFile.java:57)
	at simpledb.systemtest.JoinTest.validateJoin(JoinTest.java:55)
	at simpledb.systemtest.JoinTest.testSingleMatch(JoinTest.java:69)
</error>

      </testcase>

      <system-out><![CDATA[]]></system-out>

      <system-err><![CDATA[]]></system-err>

  </testsuite>
  <testsuite errors="10" failures="0" hostname="saiho" id="45" name="LogTest" package="simpledb.systemtest" skipped="0" tests="10" time="0.326" timestamp="2024-05-05T11:47:36">
      <properties>
[...]
</properties>

      <testcase classname="simpledb.systemtest.LogTest" name="TestCommitAbortCommitCrash" time="0.217">
          <error message="implement this" type="java.lang.UnsupportedOperationException">java.lang.UnsupportedOperationException: implement this
	at simpledb.storage.HeapFile.getId(HeapFile.java:57)
	at simpledb.common.Utility.createEmptyHeapFile(Utility.java:114)
	at simpledb.systemtest.LogTest.setup(LogTest.java:133)
	at simpledb.systemtest.LogTest.TestCommitAbortCommitCrash(LogTest.java:285)
</error>

      </testcase>

      <testcase classname="simpledb.systemtest.LogTest" name="TestOpenCrash" time="0.002">
          <error message="implement this" type="java.lang.UnsupportedOperationException">java.lang.UnsupportedOperationException: implement this
	at simpledb.storage.HeapFile.getId(HeapFile.java:57)
	at simpledb.common.Utility.createEmptyHeapFile(Utility.java:114)
	at simpledb.systemtest.LogTest.setup(LogTest.java:133)
	at simpledb.systemtest.LogTest.TestOpenCrash(LogTest.java:325)
</error>

      </testcase>

      <testcase classname="simpledb.systemtest.LogTest" name="TestFlushAll" time="0.002">
          <error message="implement this" type="java.lang.UnsupportedOperationException">java.lang.UnsupportedOperationException: implement this
	at simpledb.storage.HeapFile.getId(HeapFile.java:57)
	at simpledb.common.Utility.createEmptyHeapFile(Utility.java:114)
	at simpledb.systemtest.LogTest.setup(LogTest.java:133)
	at simpledb.systemtest.LogTest.TestFlushAll(LogTest.java:165)
</error>

      </testcase>

      <testcase classname="simpledb.systemtest.LogTest" name="TestCommitCrash" time="0.002">
          <error message="implement this" type="java.lang.UnsupportedOperationException">java.lang.UnsupportedOperationException: implement this
	at simpledb.storage.HeapFile.getId(HeapFile.java:57)
	at simpledb.common.Utility.createEmptyHeapFile(Utility.java:114)
	at simpledb.systemtest.LogTest.setup(LogTest.java:133)
	at simpledb.systemtest.LogTest.TestCommitCrash(LogTest.java:184)
</error>

      </testcase>

      <testcase classname="simpledb.systemtest.LogTest" name="TestOpenCommitOpenCrash" time="0.001">
          <error message="implement this" type="java.lang.UnsupportedOperationException">java.lang.UnsupportedOperationException: implement this
	at simpledb.storage.HeapFile.getId(HeapFile.java:57)
	at simpledb.common.Utility.createEmptyHeapFile(Utility.java:114)
	at simpledb.systemtest.LogTest.setup(LogTest.java:133)
	at simpledb.systemtest.LogTest.TestOpenCommitOpenCrash(LogTest.java:351)
</error>

      </testcase>

      <testcase classname="simpledb.systemtest.LogTest" name="TestAbort" time="0.001">
          <error message="implement this" type="java.lang.UnsupportedOperationException">java.lang.UnsupportedOperationException: implement this
	at simpledb.storage.HeapFile.getId(HeapFile.java:57)
	at simpledb.common.Utility.createEmptyHeapFile(Utility.java:114)
	at simpledb.systemtest.LogTest.setup(LogTest.java:133)
	at simpledb.systemtest.LogTest.TestAbort(LogTest.java:203)
</error>

      </testcase>

      <testcase classname="simpledb.systemtest.LogTest" name="TestAbortCommitInterleaved" time="0.002">
          <error message="implement this" type="java.lang.UnsupportedOperationException">java.lang.UnsupportedOperationException: implement this
	at simpledb.storage.HeapFile.getId(HeapFile.java:57)
	at simpledb.common.Utility.createEmptyHeapFile(Utility.java:114)
	at simpledb.systemtest.LogTest.setup(LogTest.java:133)
	at simpledb.systemtest.LogTest.TestAbortCommitInterleaved(LogTest.java:223)
</error>

      </testcase>

      <testcase classname="simpledb.systemtest.LogTest" name="TestOpenCommitCheckpointOpenCrash" time="0.002">
          <error message="implement this" type="java.lang.UnsupportedOperationException">java.lang.UnsupportedOperationException: implement this
	at simpledb.storage.HeapFile.getId(HeapFile.java:57)
	at simpledb.common.Utility.createEmptyHeapFile(Utility.java:114)
	at simpledb.systemtest.LogTest.setup(LogTest.java:133)
	at simpledb.systemtest.LogTest.TestOpenCommitCheckpointOpenCrash(LogTest.java:392)
</error>

      </testcase>

      <testcase classname="simpledb.systemtest.LogTest" name="TestAbortCrash" time="0.001">
          <error message="implement this" type="java.lang.UnsupportedOperationException">java.lang.UnsupportedOperationException: implement this
	at simpledb.storage.HeapFile.getId(HeapFile.java:57)
	at simpledb.common.Utility.createEmptyHeapFile(Utility.java:114)
	at simpledb.systemtest.LogTest.setup(LogTest.java:133)
	at simpledb.systemtest.LogTest.TestAbortCrash(LogTest.java:256)
</error>

      </testcase>

      <testcase classname="simpledb.systemtest.LogTest" name="PatchTest" time="0.002">
          <error message="implement this" type="java.lang.UnsupportedOperationException">java.lang.UnsupportedOperationException: implement this
	at simpledb.storage.HeapFile.getId(HeapFile.java:57)
	at simpledb.common.Utility.createEmptyHeapFile(Utility.java:114)
	at simpledb.systemtest.LogTest.setup(LogTest.java:133)
	at simpledb.systemtest.LogTest.PatchTest(LogTest.java:139)
</error>

      </testcase>

      <system-out><![CDATA[]]></system-out>

      <system-err><![CDATA[]]></system-err>

  </testsuite>
  <testsuite errors="1" failures="0" hostname="saiho" id="46" name="QueryTest" package="simpledb.systemtest" skipped="0" tests="1" time="0.934" timestamp="2024-05-05T11:47:37">
      <properties>
[...]
</properties>

      <testcase classname="simpledb.systemtest.QueryTest" name="queryTest" time="0.862">
          <error message="implement this" type="java.lang.UnsupportedOperationException">java.lang.UnsupportedOperationException: implement this
	at simpledb.storage.HeapFile.getId(HeapFile.java:57)
	at simpledb.common.Catalog.getTableId(Catalog.java:78)
	at simpledb.systemtest.QueryTest.queryTest(QueryTest.java:64)
	at java.util.concurrent.FutureTask.run(FutureTask.java:266)
	at java.lang.Thread.run(Thread.java:750)
</error>

      </testcase>

      <system-out><![CDATA[]]></system-out>

      <system-err><![CDATA[]]></system-err>

  </testsuite>
  <testsuite errors="4" failures="0" hostname="saiho" id="47" name="ScanTest" package="simpledb.systemtest" skipped="0" tests="4" time="0.349" timestamp="2024-05-05T11:47:38">
      <properties>
[...]
</properties>

      <testcase classname="simpledb.systemtest.ScanTest" name="testTupleDesc" time="0.23">
          <error message="implement this" type="java.lang.UnsupportedOperationException">java.lang.UnsupportedOperationException: implement this
	at simpledb.storage.HeapFile.getId(HeapFile.java:57)
	at simpledb.systemtest.ScanTest.testTupleDesc(ScanTest.java:122)
</error>

      </testcase>

      <testcase classname="simpledb.systemtest.ScanTest" name="testCache" time="0.039">
          <error message="implement this" type="java.lang.UnsupportedOperationException">java.lang.UnsupportedOperationException: implement this
	at simpledb.storage.HeapFile.getId(HeapFile.java:57)
	at simpledb.systemtest.SystemTestUtil.matchTuples(SystemTestUtil.java:111)
	at simpledb.systemtest.SystemTestUtil.matchTuples(SystemTestUtil.java:105)
	at simpledb.systemtest.ScanTest.testCache(ScanTest.java:104)
</error>

      </testcase>

      <testcase classname="simpledb.systemtest.ScanTest" name="testSmall" time="0.002">
          <error message="implement this" type="java.lang.UnsupportedOperationException">java.lang.UnsupportedOperationException: implement this
	at simpledb.storage.HeapFile.getId(HeapFile.java:57)
	at simpledb.systemtest.SystemTestUtil.matchTuples(SystemTestUtil.java:111)
	at simpledb.systemtest.SystemTestUtil.matchTuples(SystemTestUtil.java:105)
	at simpledb.systemtest.ScanTest.validateScan(ScanTest.java:38)
	at simpledb.systemtest.ScanTest.testSmall(ScanTest.java:49)
</error>

      </testcase>

      <testcase classname="simpledb.systemtest.ScanTest" name="testRewind" time="0.005">
          <error message="implement this" type="java.lang.UnsupportedOperationException">java.lang.UnsupportedOperationException: implement this
	at simpledb.storage.HeapFile.getId(HeapFile.java:57)
	at simpledb.systemtest.ScanTest.testRewind(ScanTest.java:58)
</error>

      </testcase>

      <system-out><![CDATA[]]></system-out>

      <system-err><![CDATA[]]></system-err>

  </testsuite>
  <testsuite errors="5" failures="0" hostname="saiho" id="48" name="TransactionTest" package="simpledb.systemtest" skipped="0" tests="5" time="0.338" timestamp="2024-05-05T11:47:39">
      <properties>
[...]
</properties>

      <testcase classname="simpledb.systemtest.TransactionTest" name="testTwoThreads" time="0.234">
          <error message="implement this" type="java.lang.UnsupportedOperationException">java.lang.UnsupportedOperationException: implement this
	at simpledb.storage.HeapFile.getId(HeapFile.java:57)
	at simpledb.systemtest.TransactionTest.validateTransactions(TransactionTest.java:45)
	at simpledb.systemtest.TransactionTest.testTwoThreads(TransactionTest.java:224)
</error>

      </testcase>

      <testcase classname="simpledb.systemtest.TransactionTest" name="testAllDirtyFails" time="0.024">
          <error message="implement this" type="java.lang.UnsupportedOperationException">java.lang.UnsupportedOperationException: implement this
	at simpledb.storage.HeapFile.getId(HeapFile.java:57)
	at simpledb.systemtest.AbortEvictionTest.insertRow(AbortEvictionTest.java:33)
	at simpledb.systemtest.TransactionTest.testAllDirtyFails(TransactionTest.java:248)
</error>

      </testcase>

      <testcase classname="simpledb.systemtest.TransactionTest" name="testSingleThread" time="0.002">
          <error message="implement this" type="java.lang.UnsupportedOperationException">java.lang.UnsupportedOperationException: implement this
	at simpledb.storage.HeapFile.getId(HeapFile.java:57)
	at simpledb.systemtest.TransactionTest.validateTransactions(TransactionTest.java:45)
	at simpledb.systemtest.TransactionTest.testSingleThread(TransactionTest.java:219)
</error>

      </testcase>

      <testcase classname="simpledb.systemtest.TransactionTest" name="testTenThreads" time="0.002">
          <error message="implement this" type="java.lang.UnsupportedOperationException">java.lang.UnsupportedOperationException: implement this
	at simpledb.storage.HeapFile.getId(HeapFile.java:57)
	at simpledb.systemtest.TransactionTest.validateTransactions(TransactionTest.java:45)
	at simpledb.systemtest.TransactionTest.testTenThreads(TransactionTest.java:234)
</error>

      </testcase>

      <testcase classname="simpledb.systemtest.TransactionTest" name="testFiveThreads" time="0.003">
          <error message="implement this" type="java.lang.UnsupportedOperationException">java.lang.UnsupportedOperationException: implement this
	at simpledb.storage.HeapFile.getId(HeapFile.java:57)
	at simpledb.systemtest.TransactionTest.validateTransactions(TransactionTest.java:45)
	at simpledb.systemtest.TransactionTest.testFiveThreads(TransactionTest.java:229)
</error>

      </testcase>

      <system-out><![CDATA[]]></system-out>

      <system-err><![CDATA[]]></system-err>

  </testsuite>
</testsuites>
